{"@t":"2020-04-19T17:15:49.8410485Z","@mt":"Seq {SeqVersion} running on OS {OSCaption}","SeqVersion":"5.1.3364","OSCaption":"Linux 4.19.76-linuxkit #1 SMP Thu Oct 17 19:31:58 UTC 2019","SourceContext":"Seq.Server.Features.Diagnostics.EnvironmentInformationWriter"}
{"@t":"2020-04-19T17:15:52.5282454Z","@mt":"Seq listening on {ListenUris}","ListenUris":["http://localhost/","http://localhost:5341/"]}
{"@t":"2020-04-19T17:15:52.6171994Z","@mt":"Opening document store {DocumentsPath}","DocumentsPath":"/data/Documents/documents.lmdb","SourceContext":"Quince.Storage.Lmdb.LmdbDocumentStore"}
{"@t":"2020-04-19T17:15:52.8454479Z","@mt":"Opening event store at {ExtentsPath}","ExtentsPath":"/data/Extents","SourceContext":"Flare.Events.EventStore"}
{"@t":"2020-04-19T17:15:52.8486023Z","@mt":"Available storage engines in order of preference are {Engines}","Engines":["FLARE"],"SourceContext":"Flare.Events.EventStore"}
{"@t":"2020-04-19T17:15:53.0336513Z","@mt":"Applying migration {MigrationName}","MigrationName":"Create the built-in roles","SourceContext":"Quince.Storage.Lmdb.LmdbDocumentStore"}
{"@t":"2020-04-19T17:15:53.2344963Z","@mt":"Applying migration {MigrationName}","MigrationName":"Create the server license","SourceContext":"Quince.Storage.Lmdb.LmdbDocumentStore"}
{"@t":"2020-04-19T17:15:53.2544942Z","@mt":"Applying migration {MigrationName}","MigrationName":"Create the Administrator account","SourceContext":"Quince.Storage.Lmdb.LmdbDocumentStore"}
{"@t":"2020-04-19T17:15:53.2917586Z","@mt":"Applying migration {MigrationName}","MigrationName":"Configure the public NuGet feed","SourceContext":"Quince.Storage.Lmdb.LmdbDocumentStore"}
{"@t":"2020-04-19T17:15:53.3480406Z","@mt":"Applying migration {MigrationName}","MigrationName":"Store the default system configuration","SourceContext":"Quince.Storage.Lmdb.LmdbDocumentStore"}
{"@t":"2020-04-19T17:15:53.3670455Z","@mt":"Applying migration {MigrationName}","MigrationName":"Ensure the license supports this version","SourceContext":"Quince.Storage.Lmdb.LmdbDocumentStore"}
{"@t":"2020-04-19T17:15:53.3947802Z","@mt":"Applying migration {MigrationName}","MigrationName":"Configure default SQL queries","SourceContext":"Quince.Storage.Lmdb.LmdbDocumentStore"}
{"@t":"2020-04-19T17:15:53.4227122Z","@mt":"Applying migration {MigrationName}","MigrationName":"Make default queries visible to all users","SourceContext":"Quince.Storage.Lmdb.LmdbDocumentStore"}
{"@t":"2020-04-19T17:15:53.4958021Z","@mt":"Applying migration {MigrationName}","MigrationName":"Configure default signals","SourceContext":"Quince.Storage.Lmdb.LmdbDocumentStore"}
{"@t":"2020-04-19T17:15:53.5161755Z","@mt":"Applying migration {MigrationName}","MigrationName":"Make default signals visible to all users","SourceContext":"Quince.Storage.Lmdb.LmdbDocumentStore"}
{"@t":"2020-04-19T17:15:53.5884952Z","@mt":"Applying migration {MigrationName}","MigrationName":"Create the shared overview dashboard","SourceContext":"Quince.Storage.Lmdb.LmdbDocumentStore"}
{"@t":"2020-04-19T17:15:53.7014485Z","@mt":"Applying migration {MigrationName}","MigrationName":"Create the default API key","SourceContext":"Quince.Storage.Lmdb.LmdbDocumentStore"}
{"@t":"2020-04-19T17:15:53.7481819Z","@mt":"Applying migration {MigrationName}","MigrationName":"Apply groupings to initial signals","SourceContext":"Quince.Storage.Lmdb.LmdbDocumentStore"}
{"@t":"2020-04-19T17:15:53.7767906Z","@mt":"Applying migration {MigrationName}","MigrationName":"Show built-in signals to new users upon creation","SourceContext":"Quince.Storage.Lmdb.LmdbDocumentStore"}
{"@t":"2020-04-19T17:15:53.8273256Z","@mt":"Applying migration {MigrationName}","MigrationName":"Assign index ids to signals","SourceContext":"Quince.Storage.Lmdb.LmdbDocumentStore"}
{"@t":"2020-04-19T17:15:53.8404193Z","@mt":"Applying migration {MigrationName}","MigrationName":"Pre-existing dashboards are protected by default","SourceContext":"Quince.Storage.Lmdb.LmdbDocumentStore"}
{"@t":"2020-04-19T17:15:53.8986643Z","@mt":"Setting protected flag on {DashboardId}","DashboardId":"dashboard-14"}
{"@t":"2020-04-19T17:15:53.9133333Z","@mt":"Applying migration {MigrationName}","MigrationName":"User default workspace reflects earlier view","SourceContext":"Quince.Storage.Lmdb.LmdbDocumentStore"}
{"@t":"2020-04-19T17:15:53.9427864Z","@mt":"Creating default workspace for {UserId}","UserId":"user-admin"}
{"@t":"2020-04-19T17:15:53.9780734Z","@mt":"Applying migration {MigrationName}","MigrationName":"New user defaults include shared dashboards","SourceContext":"Quince.Storage.Lmdb.LmdbDocumentStore"}
{"@t":"2020-04-19T17:15:54.0072959Z","@mt":"Applying migration {MigrationName}","MigrationName":"Update app invocation control properties","SourceContext":"Quince.Storage.Lmdb.LmdbDocumentStore"}
{"@t":"2020-04-19T17:15:54.0590092Z","@mt":"Applying migration {MigrationName}","MigrationName":"Extend the built-in roles","SourceContext":"Quince.Storage.Lmdb.LmdbDocumentStore"}
{"@t":"2020-04-19T17:15:54.0860590Z","@mt":"Applying migration {MigrationName}","MigrationName":"Set the default roles for new users","SourceContext":"Quince.Storage.Lmdb.LmdbDocumentStore"}
{"@t":"2020-04-19T17:15:54.1040128Z","@mt":"Applying migration {MigrationName}","MigrationName":"Personal dashboards are never protected","SourceContext":"Quince.Storage.Lmdb.LmdbDocumentStore"}
{"@t":"2020-04-19T17:15:54.1228302Z","@mt":"Storage subsystem available"}
{"@t":"2020-04-19T17:16:54.3223871Z","@mt":"{CollectionCount} more generation 2 garbage collection(s) occurred","CollectionCount":1,"SourceContext":"Seq.Server.Features.Diagnostics.GCLogger"}
{"@t":"2020-04-19T17:20:54.3360083Z","@mt":"Metrics sampled","CacheDays":0,"CacheEvents":0,"SystemMemoryUtilization":0.26655657098422403,"ProcessWorkingSetBytes":151433216,"ProcessThreads":22,"EventsArrivedPerMinute":0,"EventsAcceptedPerMinute":0,"IngestedBytesPerMinute":0,"InvalidPayloadsPerMinute":0,"UnauthorizedPayloadsPerMinute":0,"BroadcastQueueCount":0,"BroadcastSubscriptionQueuesAggregateCount":0}
{"@t":"2020-04-19T17:25:54.4040467Z","@mt":"Applying {Count} retention policies","Count":0,"SourceContext":"Seq.Server.Features.Retention.RetentionPolicyApplier"}
{"@t":"2020-04-19T17:25:54.3240108Z","@mt":"Metrics sampled","CacheDays":0.041666666666666664,"CacheEvents":14,"SystemMemoryUtilization":0.27757072109399239,"ProcessWorkingSetBytes":175489024,"ProcessThreads":30,"EventsArrivedPerMinute":0,"EventsAcceptedPerMinute":0,"IngestedBytesPerMinute":0,"InvalidPayloadsPerMinute":0,"UnauthorizedPayloadsPerMinute":0,"BroadcastQueueCount":0,"BroadcastSubscriptionQueuesAggregateCount":0}
{"@t":"2020-04-19T17:25:54.4438021Z","@mt":"Retention processing and compaction took {Elapsed} ms; allocating {Allocation} ms for indexing","Elapsed":87.0286,"Allocation":599912.9714}
{"@t":"2020-04-19T17:25:54.4573173Z","@mt":"Beginning indexing","SourceContext":"Seq.Server.Features.Indexing.EventStoreIndexer"}
{"@t":"2020-04-19T17:25:55.9055043Z","@mt":"Wrote {IndexSetCount} index sets in {Elapsed:0.000} ms","@r":["1445.000"],"IndexSetCount":0,"Elapsed":1445,"SourceContext":"Seq.Server.Features.Indexing.EventStoreIndexer"}
{"@t":"2020-04-19T17:25:55.9141099Z","@mt":"Indexing took {Elapsed} ms; total iteration time was {Iteration} ms","Elapsed":1462,"Iteration":1549.741}
{"@t":"2020-04-19T17:30:54.3231666Z","@mt":"Metrics sampled","CacheDays":0.041666666666666664,"CacheEvents":14,"SystemMemoryUtilization":0.2822756424102707,"ProcessWorkingSetBytes":183246848,"ProcessThreads":26,"EventsArrivedPerMinute":0,"EventsAcceptedPerMinute":0,"IngestedBytesPerMinute":0,"InvalidPayloadsPerMinute":0,"UnauthorizedPayloadsPerMinute":0,"BroadcastQueueCount":0,"BroadcastSubscriptionQueuesAggregateCount":0}
{"@t":"2020-04-19T17:32:52.7342892Z","@mt":"Termination signal received"}
{"@t":"2020-04-19T17:32:52.7891169Z","@mt":"Signalling for {Workers} worker task(s) to complete","Workers":3,"SourceContext":"Flare.Workers.WorkerPool"}
{"@t":"2020-04-19T17:32:53.7973571Z","@mt":"Stopping {Tasks} scheduled tasks","Tasks":13,"SourceContext":"Seq.Server.Tasks.TaskRunner"}
{"@t":"2020-04-19T17:32:53.8053792Z","@mt":"Stopping broadcast channel","SourceContext":"Flare.Events.Broadcast.BroadcastChannel"}
{"@t":"2020-04-19T17:32:53.8390647Z","@mt":"Stopping input channel","SourceContext":"Seq.Server.Features.Apps.Inputs.InputChannel"}
{"@t":"2020-04-19T17:32:54.6420294Z","@mt":"Closing event store","SourceContext":"Flare.Events.EventStore"}
{"@t":"2020-04-19T17:32:54.6646451Z","@mt":"Closing document store","SourceContext":"Quince.Storage.Lmdb.LmdbDocumentStore"}
{"@t":"2020-04-19T17:32:54.6846288Z","@mt":"Server stopped cleanly"}
{"@t":"2020-04-19T17:41:06.4759720Z","@mt":"Seq {SeqVersion} running on OS {OSCaption}","SeqVersion":"5.1.3364","OSCaption":"Linux 4.19.76-linuxkit #1 SMP Thu Oct 17 19:31:58 UTC 2019","SourceContext":"Seq.Server.Features.Diagnostics.EnvironmentInformationWriter"}
{"@t":"2020-04-19T17:41:08.3032952Z","@mt":"Seq listening on {ListenUris}","ListenUris":["http://localhost/","http://localhost:5341/"]}
{"@t":"2020-04-19T17:41:08.3479704Z","@mt":"Opening document store {DocumentsPath}","DocumentsPath":"/data/Documents/documents.lmdb","SourceContext":"Quince.Storage.Lmdb.LmdbDocumentStore"}
{"@t":"2020-04-19T17:41:08.5305692Z","@mt":"Opening event store at {ExtentsPath}","ExtentsPath":"/data/Extents","SourceContext":"Flare.Events.EventStore"}
{"@t":"2020-04-19T17:41:08.5332932Z","@mt":"Available storage engines in order of preference are {Engines}","Engines":["FLARE"],"SourceContext":"Flare.Events.EventStore"}
{"@t":"2020-04-19T17:41:08.7575738Z","@mt":"Storage subsystem available"}
{"@t":"2020-04-19T17:41:09.7929776Z","@mt":"Cache warm-up is required","SourceContext":"Flare.Events.Cache.SegmentCache","OperationId":"61a7fac4-c959-4aee-8452-39a314c13d9e"}
{"@t":"2020-04-19T17:41:09.8436180Z","@mt":"Initial memory cache warm-up {Outcome} in {Elapsed:0.0} ms","@r":["50.2"],"Outcome":"completed","Elapsed":50.2329,"OperationId":"61a7fac4-c959-4aee-8452-39a314c13d9e"}
{"@t":"2020-04-19T17:41:09.8691799Z","@mt":"{WarmSegments} segments warmed up ({@Shared})","WarmSegments":168,"Shared":{"Schemata":4,"Strings":23},"SourceContext":"Flare.Events.Cache.SegmentCache"}
{"@t":"2020-04-19T17:42:08.9403400Z","@mt":"{CollectionCount} more generation 2 garbage collection(s) occurred","CollectionCount":1,"SourceContext":"Seq.Server.Features.Diagnostics.GCLogger"}
{"@t":"2020-04-19T17:46:08.9613519Z","@mt":"Metrics sampled","CacheDays":4.75,"CacheEvents":14,"SystemMemoryUtilization":0.269288017374434,"ProcessWorkingSetBytes":153960448,"ProcessThreads":26,"EventsArrivedPerMinute":0,"EventsAcceptedPerMinute":0,"IngestedBytesPerMinute":0,"InvalidPayloadsPerMinute":0,"UnauthorizedPayloadsPerMinute":0,"BroadcastQueueCount":0,"BroadcastSubscriptionQueuesAggregateCount":0}
{"@t":"2020-04-19T17:51:08.9287965Z","@mt":"Metrics sampled","CacheDays":4.75,"CacheEvents":14,"SystemMemoryUtilization":0.27646518240406559,"ProcessWorkingSetBytes":171335680,"ProcessThreads":28,"EventsArrivedPerMinute":0,"EventsAcceptedPerMinute":0,"IngestedBytesPerMinute":0,"InvalidPayloadsPerMinute":0,"UnauthorizedPayloadsPerMinute":0,"BroadcastQueueCount":0,"BroadcastSubscriptionQueuesAggregateCount":0}
{"@t":"2020-04-19T17:51:08.9641048Z","@mt":"Applying {Count} retention policies","Count":0,"SourceContext":"Seq.Server.Features.Retention.RetentionPolicyApplier"}
{"@t":"2020-04-19T17:51:08.9871054Z","@mt":"Retention processing and compaction took {Elapsed} ms; allocating {Allocation} ms for indexing","Elapsed":36.446200000000005,"Allocation":599963.5538}
{"@t":"2020-04-19T17:51:08.9936337Z","@mt":"Beginning indexing","SourceContext":"Seq.Server.Features.Indexing.EventStoreIndexer"}
{"@t":"2020-04-19T17:51:09.3862659Z","@mt":"Wrote {IndexSetCount} index sets in {Elapsed:0.000} ms","@r":["390.000"],"IndexSetCount":0,"Elapsed":390,"SourceContext":"Seq.Server.Features.Indexing.EventStoreIndexer"}
{"@t":"2020-04-19T17:51:09.3884544Z","@mt":"Indexing took {Elapsed} ms; total iteration time was {Iteration} ms","Elapsed":398,"Iteration":435.32980000000003}
{"@t":"2020-04-19T17:56:08.9285382Z","@mt":"Metrics sampled","CacheDays":4.75,"CacheEvents":14,"SystemMemoryUtilization":0.27694824193820766,"ProcessWorkingSetBytes":173092864,"ProcessThreads":21,"EventsArrivedPerMinute":0,"EventsAcceptedPerMinute":0,"IngestedBytesPerMinute":0,"InvalidPayloadsPerMinute":0,"UnauthorizedPayloadsPerMinute":0,"BroadcastQueueCount":0,"BroadcastSubscriptionQueuesAggregateCount":0}
{"@t":"2020-04-19T18:01:08.9223094Z","@mt":"Applying {Count} retention policies","Count":0,"SourceContext":"Seq.Server.Features.Retention.RetentionPolicyApplier"}
{"@t":"2020-04-19T18:01:08.9244293Z","@mt":"Retention processing and compaction took {Elapsed} ms; allocating {Allocation} ms for indexing","Elapsed":2.5924,"Allocation":599997.4076}
{"@t":"2020-04-19T18:01:08.9254587Z","@mt":"Beginning indexing","SourceContext":"Seq.Server.Features.Indexing.EventStoreIndexer"}
{"@t":"2020-04-19T18:01:08.9603729Z","@mt":"Wrote {IndexSetCount} index sets in {Elapsed:0.000} ms","@r":["33.000"],"IndexSetCount":0,"Elapsed":33,"SourceContext":"Seq.Server.Features.Indexing.EventStoreIndexer"}
{"@t":"2020-04-19T18:01:08.9617737Z","@mt":"Indexing took {Elapsed} ms; total iteration time was {Iteration} ms","Elapsed":36,"Iteration":38.8876}
{"@t":"2020-04-19T18:01:08.9286238Z","@mt":"Metrics sampled","CacheDays":4.791666666666667,"CacheEvents":14,"SystemMemoryUtilization":0.276983587757779,"ProcessWorkingSetBytes":173355008,"ProcessThreads":25,"EventsArrivedPerMinute":0,"EventsAcceptedPerMinute":0,"IngestedBytesPerMinute":0,"InvalidPayloadsPerMinute":0,"UnauthorizedPayloadsPerMinute":0,"BroadcastQueueCount":0,"BroadcastSubscriptionQueuesAggregateCount":0}
{"@t":"2020-04-19T18:06:08.9286135Z","@mt":"Metrics sampled","CacheDays":4.791666666666667,"CacheEvents":14,"SystemMemoryUtilization":0.2763669995719229,"ProcessWorkingSetBytes":173330432,"ProcessThreads":24,"EventsArrivedPerMinute":0,"EventsAcceptedPerMinute":0,"IngestedBytesPerMinute":0,"InvalidPayloadsPerMinute":0,"UnauthorizedPayloadsPerMinute":0,"BroadcastQueueCount":0,"BroadcastSubscriptionQueuesAggregateCount":0}
{"@t":"2020-04-19T18:11:08.9243041Z","@mt":"Applying {Count} retention policies","Count":0,"SourceContext":"Seq.Server.Features.Retention.RetentionPolicyApplier"}
{"@t":"2020-04-19T18:11:08.9284359Z","@mt":"Retention processing and compaction took {Elapsed} ms; allocating {Allocation} ms for indexing","Elapsed":5.8892000000000007,"Allocation":599994.1108}
{"@t":"2020-04-19T18:11:08.9306754Z","@mt":"Beginning indexing","SourceContext":"Seq.Server.Features.Indexing.EventStoreIndexer"}
{"@t":"2020-04-19T18:11:08.9314777Z","@mt":"Metrics sampled","CacheDays":4.791666666666667,"CacheEvents":14,"SystemMemoryUtilization":0.2768814776123506,"ProcessWorkingSetBytes":173387776,"ProcessThreads":24,"EventsArrivedPerMinute":0,"EventsAcceptedPerMinute":0,"IngestedBytesPerMinute":0,"InvalidPayloadsPerMinute":0,"UnauthorizedPayloadsPerMinute":0,"BroadcastQueueCount":0,"BroadcastSubscriptionQueuesAggregateCount":0}
{"@t":"2020-04-19T18:11:08.9754796Z","@mt":"Wrote {IndexSetCount} index sets in {Elapsed:0.000} ms","@r":["30.000"],"IndexSetCount":0,"Elapsed":30,"SourceContext":"Seq.Server.Features.Indexing.EventStoreIndexer"}
{"@t":"2020-04-19T18:11:08.9767772Z","@mt":"Indexing took {Elapsed} ms; total iteration time was {Iteration} ms","Elapsed":46,"Iteration":51.981700000000004}
{"@t":"2020-04-19T18:16:08.9329058Z","@mt":"Metrics sampled","CacheDays":4.791666666666667,"CacheEvents":14,"SystemMemoryUtilization":0.27657514717606535,"ProcessWorkingSetBytes":173367296,"ProcessThreads":21,"EventsArrivedPerMinute":0,"EventsAcceptedPerMinute":0,"IngestedBytesPerMinute":0,"InvalidPayloadsPerMinute":0,"UnauthorizedPayloadsPerMinute":0,"BroadcastQueueCount":0,"BroadcastSubscriptionQueuesAggregateCount":0}
{"@t":"2020-04-19T18:21:08.9230352Z","@mt":"Applying {Count} retention policies","Count":0,"SourceContext":"Seq.Server.Features.Retention.RetentionPolicyApplier"}
{"@t":"2020-04-19T18:21:08.9240200Z","@mt":"Retention processing and compaction took {Elapsed} ms; allocating {Allocation} ms for indexing","Elapsed":1.3211000000000002,"Allocation":599998.6789}
{"@t":"2020-04-19T18:21:08.9248624Z","@mt":"Beginning indexing","SourceContext":"Seq.Server.Features.Indexing.EventStoreIndexer"}
{"@t":"2020-04-19T18:21:08.9398729Z","@mt":"Wrote {IndexSetCount} index sets in {Elapsed:0.000} ms","@r":["14.000"],"IndexSetCount":0,"Elapsed":14,"SourceContext":"Seq.Server.Features.Indexing.EventStoreIndexer"}
{"@t":"2020-04-19T18:21:08.9412920Z","@mt":"Indexing took {Elapsed} ms; total iteration time was {Iteration} ms","Elapsed":16,"Iteration":17.739800000000002}
{"@t":"2020-04-19T18:21:08.9320466Z","@mt":"Metrics sampled","CacheDays":4.791666666666667,"CacheEvents":14,"SystemMemoryUtilization":0.27718780804863585,"ProcessWorkingSetBytes":173404160,"ProcessThreads":21,"EventsArrivedPerMinute":0,"EventsAcceptedPerMinute":0,"IngestedBytesPerMinute":0,"InvalidPayloadsPerMinute":0,"UnauthorizedPayloadsPerMinute":0,"BroadcastQueueCount":0,"BroadcastSubscriptionQueuesAggregateCount":0}
{"@t":"2020-04-19T18:26:08.9349694Z","@mt":"Metrics sampled","CacheDays":4.791666666666667,"CacheEvents":14,"SystemMemoryUtilization":0.27717602610877867,"ProcessWorkingSetBytes":173445120,"ProcessThreads":26,"EventsArrivedPerMinute":0,"EventsAcceptedPerMinute":0,"IngestedBytesPerMinute":0,"InvalidPayloadsPerMinute":0,"UnauthorizedPayloadsPerMinute":0,"BroadcastQueueCount":0,"BroadcastSubscriptionQueuesAggregateCount":0}
{"@t":"2020-04-19T18:31:08.9257600Z","@mt":"Applying {Count} retention policies","Count":0,"SourceContext":"Seq.Server.Features.Retention.RetentionPolicyApplier"}
{"@t":"2020-04-19T18:31:08.9282496Z","@mt":"Retention processing and compaction took {Elapsed} ms; allocating {Allocation} ms for indexing","Elapsed":3.9662,"Allocation":599996.0338}
{"@t":"2020-04-19T18:31:08.9302828Z","@mt":"Beginning indexing","SourceContext":"Seq.Server.Features.Indexing.EventStoreIndexer"}
{"@t":"2020-04-19T18:31:08.9832904Z","@mt":"Wrote {IndexSetCount} index sets in {Elapsed:0.000} ms","@r":["50.000"],"IndexSetCount":0,"Elapsed":50,"SourceContext":"Seq.Server.Features.Indexing.EventStoreIndexer"}
{"@t":"2020-04-19T18:31:08.9845773Z","@mt":"Indexing took {Elapsed} ms; total iteration time was {Iteration} ms","Elapsed":54,"Iteration":58.2556}
{"@t":"2020-04-19T18:31:08.9350045Z","@mt":"Metrics sampled","CacheDays":4.791666666666667,"CacheEvents":14,"SystemMemoryUtilization":0.27715638954235022,"ProcessWorkingSetBytes":173416448,"ProcessThreads":21,"EventsArrivedPerMinute":0,"EventsAcceptedPerMinute":0,"IngestedBytesPerMinute":0,"InvalidPayloadsPerMinute":0,"UnauthorizedPayloadsPerMinute":0,"BroadcastQueueCount":0,"BroadcastSubscriptionQueuesAggregateCount":0}
{"@t":"2020-04-19T18:35:08.9867671Z","@mt":"{CollectionCount} more generation 2 garbage collection(s) occurred","CollectionCount":1,"SourceContext":"Seq.Server.Features.Diagnostics.GCLogger"}
{"@t":"2020-04-19T18:36:08.9354925Z","@mt":"Metrics sampled","CacheDays":4.791666666666667,"CacheEvents":14,"SystemMemoryUtilization":0.27677936746692222,"ProcessWorkingSetBytes":173588480,"ProcessThreads":23,"EventsArrivedPerMinute":0,"EventsAcceptedPerMinute":0,"IngestedBytesPerMinute":0,"InvalidPayloadsPerMinute":0,"UnauthorizedPayloadsPerMinute":0,"BroadcastQueueCount":0,"BroadcastSubscriptionQueuesAggregateCount":0}
{"@t":"2020-04-19T18:41:08.9245176Z","@mt":"Applying {Count} retention policies","Count":0,"SourceContext":"Seq.Server.Features.Retention.RetentionPolicyApplier"}
{"@t":"2020-04-19T18:41:08.9292345Z","@mt":"Retention processing and compaction took {Elapsed} ms; allocating {Allocation} ms for indexing","Elapsed":5.222,"Allocation":599994.778}
{"@t":"2020-04-19T18:41:08.9312928Z","@mt":"Beginning indexing","SourceContext":"Seq.Server.Features.Indexing.EventStoreIndexer"}
{"@t":"2020-04-19T18:41:08.9367611Z","@mt":"Metrics sampled","CacheDays":4.791666666666667,"CacheEvents":14,"SystemMemoryUtilization":0.24659796486625529,"ProcessWorkingSetBytes":110338048,"ProcessThreads":27,"EventsArrivedPerMinute":0,"EventsAcceptedPerMinute":0,"IngestedBytesPerMinute":0,"InvalidPayloadsPerMinute":0,"UnauthorizedPayloadsPerMinute":0,"BroadcastQueueCount":0,"BroadcastSubscriptionQueuesAggregateCount":0}
{"@t":"2020-04-19T18:41:08.9654199Z","@mt":"Wrote {IndexSetCount} index sets in {Elapsed:0.000} ms","@r":["30.000"],"IndexSetCount":0,"Elapsed":30,"SourceContext":"Seq.Server.Features.Indexing.EventStoreIndexer"}
{"@t":"2020-04-19T18:41:08.9665213Z","@mt":"Indexing took {Elapsed} ms; total iteration time was {Iteration} ms","Elapsed":35,"Iteration":40.4352}
{"@t":"2020-04-19T18:46:08.9372284Z","@mt":"Metrics sampled","CacheDays":4.791666666666667,"CacheEvents":14,"SystemMemoryUtilization":0.24671578426482654,"ProcessWorkingSetBytes":110383104,"ProcessThreads":24,"EventsArrivedPerMinute":0,"EventsAcceptedPerMinute":0,"IngestedBytesPerMinute":0,"InvalidPayloadsPerMinute":0,"UnauthorizedPayloadsPerMinute":0,"BroadcastQueueCount":0,"BroadcastSubscriptionQueuesAggregateCount":0}
{"@t":"2020-04-19T18:51:08.9245427Z","@mt":"Applying {Count} retention policies","Count":0,"SourceContext":"Seq.Server.Features.Retention.RetentionPolicyApplier"}
{"@t":"2020-04-19T18:51:08.9255964Z","@mt":"Retention processing and compaction took {Elapsed} ms; allocating {Allocation} ms for indexing","Elapsed":1.5461,"Allocation":599998.45390000008}
{"@t":"2020-04-19T18:51:08.9266185Z","@mt":"Beginning indexing","SourceContext":"Seq.Server.Features.Indexing.EventStoreIndexer"}
{"@t":"2020-04-19T18:51:08.9496919Z","@mt":"Wrote {IndexSetCount} index sets in {Elapsed:0.000} ms","@r":["21.000"],"IndexSetCount":0,"Elapsed":21,"SourceContext":"Seq.Server.Features.Indexing.EventStoreIndexer"}
{"@t":"2020-04-19T18:51:08.9508592Z","@mt":"Indexing took {Elapsed} ms; total iteration time was {Iteration} ms","Elapsed":24,"Iteration":25.7755}
{"@t":"2020-04-19T18:51:08.9371557Z","@mt":"Metrics sampled","CacheDays":4.791666666666667,"CacheEvents":14,"SystemMemoryUtilization":0.24644872696139841,"ProcessWorkingSetBytes":110469120,"ProcessThreads":26,"EventsArrivedPerMinute":0,"EventsAcceptedPerMinute":0,"IngestedBytesPerMinute":0,"InvalidPayloadsPerMinute":0,"UnauthorizedPayloadsPerMinute":0,"BroadcastQueueCount":0,"BroadcastSubscriptionQueuesAggregateCount":0}
{"@t":"2020-04-19T18:56:08.9378854Z","@mt":"Metrics sampled","CacheDays":4.791666666666667,"CacheEvents":14,"SystemMemoryUtilization":0.24662152874596954,"ProcessWorkingSetBytes":110592000,"ProcessThreads":27,"EventsArrivedPerMinute":0,"EventsAcceptedPerMinute":0,"IngestedBytesPerMinute":0,"InvalidPayloadsPerMinute":0,"UnauthorizedPayloadsPerMinute":0,"BroadcastQueueCount":0,"BroadcastSubscriptionQueuesAggregateCount":0}
{"@t":"2020-04-19T19:01:08.9252173Z","@mt":"Applying {Count} retention policies","Count":0,"SourceContext":"Seq.Server.Features.Retention.RetentionPolicyApplier"}
{"@t":"2020-04-19T19:01:08.9271648Z","@mt":"Retention processing and compaction took {Elapsed} ms; allocating {Allocation} ms for indexing","Elapsed":2.5472,"Allocation":599997.45280000009}
{"@t":"2020-04-19T19:01:08.9285166Z","@mt":"Beginning indexing","SourceContext":"Seq.Server.Features.Indexing.EventStoreIndexer"}
{"@t":"2020-04-19T19:01:08.9454002Z","@mt":"Wrote {IndexSetCount} index sets in {Elapsed:0.000} ms","@r":["15.000"],"IndexSetCount":0,"Elapsed":15,"SourceContext":"Seq.Server.Features.Indexing.EventStoreIndexer"}
{"@t":"2020-04-19T19:01:08.9464077Z","@mt":"Indexing took {Elapsed} ms; total iteration time was {Iteration} ms","Elapsed":17,"Iteration":20.456200000000003}
{"@t":"2020-04-19T19:01:08.9379660Z","@mt":"Metrics sampled","CacheDays":4.833333333333333,"CacheEvents":14,"SystemMemoryUtilization":0.24711833387661164,"ProcessWorkingSetBytes":110841856,"ProcessThreads":25,"EventsArrivedPerMinute":0,"EventsAcceptedPerMinute":0,"IngestedBytesPerMinute":0,"InvalidPayloadsPerMinute":0,"UnauthorizedPayloadsPerMinute":0,"BroadcastQueueCount":0,"BroadcastSubscriptionQueuesAggregateCount":0}
{"@t":"2020-04-19T19:06:08.9377983Z","@mt":"Metrics sampled","CacheDays":4.833333333333333,"CacheEvents":14,"SystemMemoryUtilization":0.2474678647590397,"ProcessWorkingSetBytes":110858240,"ProcessThreads":25,"EventsArrivedPerMinute":0,"EventsAcceptedPerMinute":0,"IngestedBytesPerMinute":0,"InvalidPayloadsPerMinute":0,"UnauthorizedPayloadsPerMinute":0,"BroadcastQueueCount":0,"BroadcastSubscriptionQueuesAggregateCount":0}
{"@t":"2020-04-19T19:11:08.9256283Z","@mt":"Applying {Count} retention policies","Count":0,"SourceContext":"Seq.Server.Features.Retention.RetentionPolicyApplier"}
{"@t":"2020-04-19T19:11:08.9284190Z","@mt":"Retention processing and compaction took {Elapsed} ms; allocating {Allocation} ms for indexing","Elapsed":3.3627000000000002,"Allocation":599996.63730000006}
{"@t":"2020-04-19T19:11:08.9302506Z","@mt":"Beginning indexing","SourceContext":"Seq.Server.Features.Indexing.EventStoreIndexer"}
{"@t":"2020-04-19T19:11:08.9823098Z","@mt":"Wrote {IndexSetCount} index sets in {Elapsed:0.000} ms","@r":["50.000"],"IndexSetCount":0,"Elapsed":50,"SourceContext":"Seq.Server.Features.Indexing.EventStoreIndexer"}
{"@t":"2020-04-19T19:11:08.9844480Z","@mt":"Indexing took {Elapsed} ms; total iteration time was {Iteration} ms","Elapsed":54,"Iteration":57.549200000000006}
{"@t":"2020-04-19T19:11:08.9964347Z","@mt":"Metrics sampled","CacheDays":4.833333333333333,"CacheEvents":14,"SystemMemoryUtilization":0.24648800009425553,"ProcessWorkingSetBytes":110022656,"ProcessThreads":24,"EventsArrivedPerMinute":0,"EventsAcceptedPerMinute":0,"IngestedBytesPerMinute":0,"InvalidPayloadsPerMinute":0,"UnauthorizedPayloadsPerMinute":0,"BroadcastQueueCount":0,"BroadcastSubscriptionQueuesAggregateCount":0}
{"@t":"2020-04-19T19:16:08.9966072Z","@mt":"Metrics sampled","CacheDays":4.833333333333333,"CacheEvents":14,"SystemMemoryUtilization":0.24697302328504045,"ProcessWorkingSetBytes":110030848,"ProcessThreads":24,"EventsArrivedPerMinute":0,"EventsAcceptedPerMinute":0,"IngestedBytesPerMinute":0,"InvalidPayloadsPerMinute":0,"UnauthorizedPayloadsPerMinute":0,"BroadcastQueueCount":0,"BroadcastSubscriptionQueuesAggregateCount":0}
{"@t":"2020-04-19T19:21:08.9263251Z","@mt":"Applying {Count} retention policies","Count":0,"SourceContext":"Seq.Server.Features.Retention.RetentionPolicyApplier"}
{"@t":"2020-04-19T19:21:08.9296833Z","@mt":"Retention processing and compaction took {Elapsed} ms; allocating {Allocation} ms for indexing","Elapsed":3.8399,"Allocation":599996.1601}
{"@t":"2020-04-19T19:21:08.9328484Z","@mt":"Beginning indexing","SourceContext":"Seq.Server.Features.Indexing.EventStoreIndexer"}
{"@t":"2020-04-19T19:21:08.9553141Z","@mt":"Wrote {IndexSetCount} index sets in {Elapsed:0.000} ms","@r":["21.000"],"IndexSetCount":0,"Elapsed":21,"SourceContext":"Seq.Server.Features.Indexing.EventStoreIndexer"}
{"@t":"2020-04-19T19:21:08.9563732Z","@mt":"Indexing took {Elapsed} ms; total iteration time was {Iteration} ms","Elapsed":23,"Iteration":27.3569}
{"@t":"2020-04-19T19:21:08.9964159Z","@mt":"Metrics sampled","CacheDays":4.833333333333333,"CacheEvents":14,"SystemMemoryUtilization":0.24645461793132695,"ProcessWorkingSetBytes":110178304,"ProcessThreads":23,"EventsArrivedPerMinute":0,"EventsAcceptedPerMinute":0,"IngestedBytesPerMinute":0,"InvalidPayloadsPerMinute":0,"UnauthorizedPayloadsPerMinute":0,"BroadcastQueueCount":0,"BroadcastSubscriptionQueuesAggregateCount":0}
{"@t":"2020-04-19T19:26:08.9962451Z","@mt":"Metrics sampled","CacheDays":4.833333333333333,"CacheEvents":14,"SystemMemoryUtilization":0.24670596598161232,"ProcessWorkingSetBytes":110501888,"ProcessThreads":23,"EventsArrivedPerMinute":0,"EventsAcceptedPerMinute":0,"IngestedBytesPerMinute":0,"InvalidPayloadsPerMinute":0,"UnauthorizedPayloadsPerMinute":0,"BroadcastQueueCount":0,"BroadcastSubscriptionQueuesAggregateCount":0}
{"@t":"2020-04-19T19:31:08.9274145Z","@mt":"Applying {Count} retention policies","Count":0,"SourceContext":"Seq.Server.Features.Retention.RetentionPolicyApplier"}
{"@t":"2020-04-19T19:31:08.9283583Z","@mt":"Retention processing and compaction took {Elapsed} ms; allocating {Allocation} ms for indexing","Elapsed":1.2486000000000002,"Allocation":599998.75140000007}
{"@t":"2020-04-19T19:31:08.9295765Z","@mt":"Beginning indexing","SourceContext":"Seq.Server.Features.Indexing.EventStoreIndexer"}
{"@t":"2020-04-19T19:31:08.9408157Z","@mt":"Wrote {IndexSetCount} index sets in {Elapsed:0.000} ms","@r":["10.000"],"IndexSetCount":0,"Elapsed":10,"SourceContext":"Seq.Server.Features.Indexing.EventStoreIndexer"}
{"@t":"2020-04-19T19:31:08.9418874Z","@mt":"Indexing took {Elapsed} ms; total iteration time was {Iteration} ms","Elapsed":12,"Iteration":13.5533}
{"@t":"2020-04-19T19:31:08.9966523Z","@mt":"Metrics sampled","CacheDays":4.833333333333333,"CacheEvents":14,"SystemMemoryUtilization":0.24681789441025503,"ProcessWorkingSetBytes":110477312,"ProcessThreads":23,"EventsArrivedPerMinute":0,"EventsAcceptedPerMinute":0,"IngestedBytesPerMinute":0,"InvalidPayloadsPerMinute":0,"UnauthorizedPayloadsPerMinute":0,"BroadcastQueueCount":0,"BroadcastSubscriptionQueuesAggregateCount":0}
{"@t":"2020-04-19T19:36:08.9979619Z","@mt":"Metrics sampled","CacheDays":4.833333333333333,"CacheEvents":14,"SystemMemoryUtilization":0.2470908426836117,"ProcessWorkingSetBytes":110596096,"ProcessThreads":26,"EventsArrivedPerMinute":0,"EventsAcceptedPerMinute":0,"IngestedBytesPerMinute":0,"InvalidPayloadsPerMinute":0,"UnauthorizedPayloadsPerMinute":0,"BroadcastQueueCount":0,"BroadcastSubscriptionQueuesAggregateCount":0}
{"@t":"2020-04-19T19:41:08.9273055Z","@mt":"Applying {Count} retention policies","Count":0,"SourceContext":"Seq.Server.Features.Retention.RetentionPolicyApplier"}
{"@t":"2020-04-19T19:41:08.9283200Z","@mt":"Retention processing and compaction took {Elapsed} ms; allocating {Allocation} ms for indexing","Elapsed":1.4934,"Allocation":599998.50660000008}
{"@t":"2020-04-19T19:41:08.9293544Z","@mt":"Beginning indexing","SourceContext":"Seq.Server.Features.Indexing.EventStoreIndexer"}
{"@t":"2020-04-19T19:41:08.9469810Z","@mt":"Wrote {IndexSetCount} index sets in {Elapsed:0.000} ms","@r":["16.000"],"IndexSetCount":0,"Elapsed":16,"SourceContext":"Seq.Server.Features.Indexing.EventStoreIndexer"}
{"@t":"2020-04-19T19:41:08.9479163Z","@mt":"Indexing took {Elapsed} ms; total iteration time was {Iteration} ms","Elapsed":18,"Iteration":20.0454}
{"@t":"2020-04-19T19:41:08.9980599Z","@mt":"Metrics sampled","CacheDays":4.833333333333333,"CacheEvents":14,"SystemMemoryUtilization":0.246576364643184,"ProcessWorkingSetBytes":110624768,"ProcessThreads":24,"EventsArrivedPerMinute":0,"EventsAcceptedPerMinute":0,"IngestedBytesPerMinute":0,"InvalidPayloadsPerMinute":0,"UnauthorizedPayloadsPerMinute":0,"BroadcastQueueCount":0,"BroadcastSubscriptionQueuesAggregateCount":0}
{"@t":"2020-04-19T19:46:08.9986922Z","@mt":"Metrics sampled","CacheDays":4.833333333333333,"CacheEvents":14,"SystemMemoryUtilization":0.24644479964811272,"ProcessWorkingSetBytes":110653440,"ProcessThreads":24,"EventsArrivedPerMinute":0,"EventsAcceptedPerMinute":0,"IngestedBytesPerMinute":0,"InvalidPayloadsPerMinute":0,"UnauthorizedPayloadsPerMinute":0,"BroadcastQueueCount":0,"BroadcastSubscriptionQueuesAggregateCount":0}
{"@t":"2020-04-19T19:51:08.9284388Z","@mt":"Applying {Count} retention policies","Count":0,"SourceContext":"Seq.Server.Features.Retention.RetentionPolicyApplier"}
{"@t":"2020-04-19T19:51:08.9297770Z","@mt":"Retention processing and compaction took {Elapsed} ms; allocating {Allocation} ms for indexing","Elapsed":1.7666000000000002,"Allocation":599998.2334}
{"@t":"2020-04-19T19:51:08.9313186Z","@mt":"Beginning indexing","SourceContext":"Seq.Server.Features.Indexing.EventStoreIndexer"}
{"@t":"2020-04-19T19:51:08.9558153Z","@mt":"Wrote {IndexSetCount} index sets in {Elapsed:0.000} ms","@r":["22.000"],"IndexSetCount":0,"Elapsed":22,"SourceContext":"Seq.Server.Features.Indexing.EventStoreIndexer"}
{"@t":"2020-04-19T19:51:08.9573642Z","@mt":"Indexing took {Elapsed} ms; total iteration time was {Iteration} ms","Elapsed":26,"Iteration":27.8057}
{"@t":"2020-04-19T19:51:08.9994942Z","@mt":"Metrics sampled","CacheDays":4.833333333333333,"CacheEvents":14,"SystemMemoryUtilization":0.24692589552561195,"ProcessWorkingSetBytes":110702592,"ProcessThreads":30,"EventsArrivedPerMinute":0,"EventsAcceptedPerMinute":0,"IngestedBytesPerMinute":0,"InvalidPayloadsPerMinute":0,"UnauthorizedPayloadsPerMinute":0,"BroadcastQueueCount":0,"BroadcastSubscriptionQueuesAggregateCount":0}
{"@t":"2020-04-19T19:56:08.9993767Z","@mt":"Metrics sampled","CacheDays":4.833333333333333,"CacheEvents":14,"SystemMemoryUtilization":0.24664705628232675,"ProcessWorkingSetBytes":110759936,"ProcessThreads":26,"EventsArrivedPerMinute":0,"EventsAcceptedPerMinute":0,"IngestedBytesPerMinute":0,"InvalidPayloadsPerMinute":0,"UnauthorizedPayloadsPerMinute":0,"BroadcastQueueCount":0,"BroadcastSubscriptionQueuesAggregateCount":0}
{"@t":"2020-04-19T20:16:05.8609164Z","@mt":"Applying {Count} retention policies","Count":0,"SourceContext":"Seq.Server.Features.Retention.RetentionPolicyApplier"}
{"@t":"2020-04-19T20:16:05.8637545Z","@mt":"Retention processing and compaction took {Elapsed} ms; allocating {Allocation} ms for indexing","Elapsed":3.1346000000000003,"Allocation":599996.8654}
{"@t":"2020-04-19T20:16:05.8647706Z","@mt":"Beginning indexing","SourceContext":"Seq.Server.Features.Indexing.EventStoreIndexer"}
{"@t":"2020-04-19T20:16:05.8885810Z","@mt":"Wrote {IndexSetCount} index sets in {Elapsed:0.000} ms","@r":["22.000"],"IndexSetCount":0,"Elapsed":22,"SourceContext":"Seq.Server.Features.Indexing.EventStoreIndexer"}
{"@t":"2020-04-19T20:16:05.8902323Z","@mt":"Indexing took {Elapsed} ms; total iteration time was {Iteration} ms","Elapsed":25,"Iteration":28.5877}
{"@t":"2020-04-19T20:16:05.9321019Z","@mt":"Metrics sampled","CacheDays":4.875,"CacheEvents":14,"SystemMemoryUtilization":0.24712618850318313,"ProcessWorkingSetBytes":110866432,"ProcessThreads":27,"EventsArrivedPerMinute":0,"EventsAcceptedPerMinute":0,"IngestedBytesPerMinute":0,"InvalidPayloadsPerMinute":0,"UnauthorizedPayloadsPerMinute":0,"BroadcastQueueCount":0,"BroadcastSubscriptionQueuesAggregateCount":0}
{"@t":"2020-04-19T20:21:05.9317136Z","@mt":"Metrics sampled","CacheDays":4.875,"CacheEvents":14,"SystemMemoryUtilization":0.246615637776041,"ProcessWorkingSetBytes":110841856,"ProcessThreads":25,"EventsArrivedPerMinute":0,"EventsAcceptedPerMinute":0,"IngestedBytesPerMinute":0,"InvalidPayloadsPerMinute":0,"UnauthorizedPayloadsPerMinute":0,"BroadcastQueueCount":0,"BroadcastSubscriptionQueuesAggregateCount":0}
{"@t":"2020-04-19T20:26:05.8633219Z","@mt":"Applying {Count} retention policies","Count":0,"SourceContext":"Seq.Server.Features.Retention.RetentionPolicyApplier"}
{"@t":"2020-04-19T20:26:05.8656980Z","@mt":"Retention processing and compaction took {Elapsed} ms; allocating {Allocation} ms for indexing","Elapsed":3.1341,"Allocation":599996.8659}
{"@t":"2020-04-19T20:26:05.8685498Z","@mt":"Beginning indexing","SourceContext":"Seq.Server.Features.Indexing.EventStoreIndexer"}
{"@t":"2020-04-19T20:26:05.8934229Z","@mt":"Wrote {IndexSetCount} index sets in {Elapsed:0.000} ms","@r":["23.000"],"IndexSetCount":0,"Elapsed":23,"SourceContext":"Seq.Server.Features.Indexing.EventStoreIndexer"}
{"@t":"2020-04-19T20:26:05.8948568Z","@mt":"Indexing took {Elapsed} ms; total iteration time was {Iteration} ms","Elapsed":26,"Iteration":29.597900000000003}
{"@t":"2020-04-19T20:26:05.9320020Z","@mt":"Metrics sampled","CacheDays":4.875,"CacheEvents":14,"SystemMemoryUtilization":0.2471163702199688,"ProcessWorkingSetBytes":110845952,"ProcessThreads":26,"EventsArrivedPerMinute":0,"EventsAcceptedPerMinute":0,"IngestedBytesPerMinute":0,"InvalidPayloadsPerMinute":0,"UnauthorizedPayloadsPerMinute":0,"BroadcastQueueCount":0,"BroadcastSubscriptionQueuesAggregateCount":0}
{"@t":"2020-04-19T20:31:05.9317491Z","@mt":"Metrics sampled","CacheDays":4.875,"CacheEvents":14,"SystemMemoryUtilization":0.24686305851304069,"ProcessWorkingSetBytes":110891008,"ProcessThreads":24,"EventsArrivedPerMinute":0,"EventsAcceptedPerMinute":0,"IngestedBytesPerMinute":0,"InvalidPayloadsPerMinute":0,"UnauthorizedPayloadsPerMinute":0,"BroadcastQueueCount":0,"BroadcastSubscriptionQueuesAggregateCount":0}
{"@t":"2020-04-19T20:36:05.8630797Z","@mt":"Applying {Count} retention policies","Count":0,"SourceContext":"Seq.Server.Features.Retention.RetentionPolicyApplier"}
{"@t":"2020-04-19T20:36:05.8644266Z","@mt":"Retention processing and compaction took {Elapsed} ms; allocating {Allocation} ms for indexing","Elapsed":1.8791,"Allocation":599998.1209}
{"@t":"2020-04-19T20:36:05.8655306Z","@mt":"Beginning indexing","SourceContext":"Seq.Server.Features.Indexing.EventStoreIndexer"}
{"@t":"2020-04-19T20:36:05.8881355Z","@mt":"Wrote {IndexSetCount} index sets in {Elapsed:0.000} ms","@r":["21.000"],"IndexSetCount":0,"Elapsed":21,"SourceContext":"Seq.Server.Features.Indexing.EventStoreIndexer"}
{"@t":"2020-04-19T20:36:05.8893280Z","@mt":"Indexing took {Elapsed} ms; total iteration time was {Iteration} ms","Elapsed":23,"Iteration":25.6733}
{"@t":"2020-04-19T20:36:05.9318309Z","@mt":"Metrics sampled","CacheDays":4.875,"CacheEvents":14,"SystemMemoryUtilization":0.24708887902696886,"ProcessWorkingSetBytes":110891008,"ProcessThreads":23,"EventsArrivedPerMinute":0,"EventsAcceptedPerMinute":0,"IngestedBytesPerMinute":0,"InvalidPayloadsPerMinute":0,"UnauthorizedPayloadsPerMinute":0,"BroadcastQueueCount":0,"BroadcastSubscriptionQueuesAggregateCount":0}
{"@t":"2020-04-19T20:41:05.9323150Z","@mt":"Metrics sampled","CacheDays":4.875,"CacheEvents":14,"SystemMemoryUtilization":0.24660581949282678,"ProcessWorkingSetBytes":110907392,"ProcessThreads":23,"EventsArrivedPerMinute":0,"EventsAcceptedPerMinute":0,"IngestedBytesPerMinute":0,"InvalidPayloadsPerMinute":0,"UnauthorizedPayloadsPerMinute":0,"BroadcastQueueCount":0,"BroadcastSubscriptionQueuesAggregateCount":0}
{"@t":"2020-04-19T20:46:05.8632732Z","@mt":"Applying {Count} retention policies","Count":0,"SourceContext":"Seq.Server.Features.Retention.RetentionPolicyApplier"}
{"@t":"2020-04-19T20:46:05.8644744Z","@mt":"Retention processing and compaction took {Elapsed} ms; allocating {Allocation} ms for indexing","Elapsed":1.7717,"Allocation":599998.22830000008}
{"@t":"2020-04-19T20:46:05.8656397Z","@mt":"Beginning indexing","SourceContext":"Seq.Server.Features.Indexing.EventStoreIndexer"}
{"@t":"2020-04-19T20:46:05.8898026Z","@mt":"Wrote {IndexSetCount} index sets in {Elapsed:0.000} ms","@r":["23.000"],"IndexSetCount":0,"Elapsed":23,"SourceContext":"Seq.Server.Features.Indexing.EventStoreIndexer"}
{"@t":"2020-04-19T20:46:05.8908303Z","@mt":"Indexing took {Elapsed} ms; total iteration time was {Iteration} ms","Elapsed":25,"Iteration":26.9537}
{"@t":"2020-04-19T20:46:05.9322004Z","@mt":"Metrics sampled","CacheDays":4.875,"CacheEvents":14,"SystemMemoryUtilization":0.24727149909475432,"ProcessWorkingSetBytes":110907392,"ProcessThreads":24,"EventsArrivedPerMinute":0,"EventsAcceptedPerMinute":0,"IngestedBytesPerMinute":0,"InvalidPayloadsPerMinute":0,"UnauthorizedPayloadsPerMinute":0,"BroadcastQueueCount":0,"BroadcastSubscriptionQueuesAggregateCount":0}
{"@t":"2020-04-19T20:51:05.9315192Z","@mt":"Metrics sampled","CacheDays":4.875,"CacheEvents":14,"SystemMemoryUtilization":0.24681789441025503,"ProcessWorkingSetBytes":110911488,"ProcessThreads":23,"EventsArrivedPerMinute":0,"EventsAcceptedPerMinute":0,"IngestedBytesPerMinute":0,"InvalidPayloadsPerMinute":0,"UnauthorizedPayloadsPerMinute":0,"BroadcastQueueCount":0,"BroadcastSubscriptionQueuesAggregateCount":0}
{"@t":"2020-04-19T20:56:05.8630048Z","@mt":"Applying {Count} retention policies","Count":0,"SourceContext":"Seq.Server.Features.Retention.RetentionPolicyApplier"}
{"@t":"2020-04-19T20:56:05.8643988Z","@mt":"Retention processing and compaction took {Elapsed} ms; allocating {Allocation} ms for indexing","Elapsed":1.8465,"Allocation":599998.1535}
{"@t":"2020-04-19T20:56:05.8655912Z","@mt":"Beginning indexing","SourceContext":"Seq.Server.Features.Indexing.EventStoreIndexer"}
{"@t":"2020-04-19T20:56:05.9056917Z","@mt":"Wrote {IndexSetCount} index sets in {Elapsed:0.000} ms","@r":["38.000"],"IndexSetCount":0,"Elapsed":38,"SourceContext":"Seq.Server.Features.Indexing.EventStoreIndexer"}
{"@t":"2020-04-19T20:56:05.9067130Z","@mt":"Indexing took {Elapsed} ms; total iteration time was {Iteration} ms","Elapsed":41,"Iteration":42.9604}
{"@t":"2020-04-19T20:56:05.9309245Z","@mt":"Metrics sampled","CacheDays":4.875,"CacheEvents":23,"SystemMemoryUtilization":0.24980657982067889,"ProcessWorkingSetBytes":117063680,"ProcessThreads":23,"EventsArrivedPerMinute":0,"EventsAcceptedPerMinute":0,"IngestedBytesPerMinute":0,"InvalidPayloadsPerMinute":0,"UnauthorizedPayloadsPerMinute":0,"BroadcastQueueCount":0,"BroadcastSubscriptionQueuesAggregateCount":0}
{"@t":"2020-04-19T21:01:05.9311246Z","@mt":"Metrics sampled","CacheDays":4.916666666666667,"CacheEvents":34,"SystemMemoryUtilization":0.25001865473810714,"ProcessWorkingSetBytes":117579776,"ProcessThreads":28,"EventsArrivedPerMinute":4,"EventsAcceptedPerMinute":4,"IngestedBytesPerMinute":2167,"InvalidPayloadsPerMinute":0,"UnauthorizedPayloadsPerMinute":0,"BroadcastQueueCount":0,"BroadcastSubscriptionQueuesAggregateCount":0}
{"@t":"2020-04-19T21:06:05.8631457Z","@mt":"Applying {Count} retention policies","Count":0,"SourceContext":"Seq.Server.Features.Retention.RetentionPolicyApplier"}
{"@t":"2020-04-19T21:06:05.8647852Z","@mt":"Retention processing and compaction took {Elapsed} ms; allocating {Allocation} ms for indexing","Elapsed":2.3147,"Allocation":599997.6853}
{"@t":"2020-04-19T21:06:05.8665546Z","@mt":"Beginning indexing","SourceContext":"Seq.Server.Features.Indexing.EventStoreIndexer"}
{"@t":"2020-04-19T21:06:05.8969591Z","@mt":"Wrote {IndexSetCount} index sets in {Elapsed:0.000} ms","@r":["29.000"],"IndexSetCount":0,"Elapsed":29,"SourceContext":"Seq.Server.Features.Indexing.EventStoreIndexer"}
{"@t":"2020-04-19T21:06:05.8988851Z","@mt":"Indexing took {Elapsed} ms; total iteration time was {Iteration} ms","Elapsed":32,"Iteration":34.630900000000004}
{"@t":"2020-04-19T21:06:05.9355577Z","@mt":"Metrics sampled","CacheDays":4.916666666666667,"CacheEvents":41,"SystemMemoryUtilization":0.24812961704768155,"ProcessWorkingSetBytes":113602560,"ProcessThreads":26,"EventsArrivedPerMinute":0,"EventsAcceptedPerMinute":0,"IngestedBytesPerMinute":0,"InvalidPayloadsPerMinute":0,"UnauthorizedPayloadsPerMinute":0,"BroadcastQueueCount":0,"BroadcastSubscriptionQueuesAggregateCount":0}
{"@t":"2020-04-19T21:11:05.9350651Z","@mt":"Metrics sampled","CacheDays":4.916666666666667,"CacheEvents":41,"SystemMemoryUtilization":0.24764655751353937,"ProcessWorkingSetBytes":113192960,"ProcessThreads":26,"EventsArrivedPerMinute":0,"EventsAcceptedPerMinute":0,"IngestedBytesPerMinute":0,"InvalidPayloadsPerMinute":0,"UnauthorizedPayloadsPerMinute":0,"BroadcastQueueCount":0,"BroadcastSubscriptionQueuesAggregateCount":0}
{"@t":"2020-04-19T21:16:05.8637309Z","@mt":"Applying {Count} retention policies","Count":0,"SourceContext":"Seq.Server.Features.Retention.RetentionPolicyApplier"}
{"@t":"2020-04-19T21:16:05.8671017Z","@mt":"Retention processing and compaction took {Elapsed} ms; allocating {Allocation} ms for indexing","Elapsed":4.078,"Allocation":599995.922}
{"@t":"2020-04-19T21:16:05.8682139Z","@mt":"Beginning indexing","SourceContext":"Seq.Server.Features.Indexing.EventStoreIndexer"}
{"@t":"2020-04-19T21:16:05.8990087Z","@mt":"Wrote {IndexSetCount} index sets in {Elapsed:0.000} ms","@r":["29.000"],"IndexSetCount":0,"Elapsed":29,"SourceContext":"Seq.Server.Features.Indexing.EventStoreIndexer"}
{"@t":"2020-04-19T21:16:05.9003188Z","@mt":"Indexing took {Elapsed} ms; total iteration time was {Iteration} ms","Elapsed":32,"Iteration":36.176700000000004}
{"@t":"2020-04-19T21:16:05.9347116Z","@mt":"Metrics sampled","CacheDays":4.916666666666667,"CacheEvents":41,"SystemMemoryUtilization":0.24779972273168205,"ProcessWorkingSetBytes":113991680,"ProcessThreads":28,"EventsArrivedPerMinute":0,"EventsAcceptedPerMinute":0,"IngestedBytesPerMinute":0,"InvalidPayloadsPerMinute":0,"UnauthorizedPayloadsPerMinute":0,"BroadcastQueueCount":0,"BroadcastSubscriptionQueuesAggregateCount":0}
{"@t":"2020-04-19T21:21:05.9308550Z","@mt":"Metrics sampled","CacheDays":4.916666666666667,"CacheEvents":44,"SystemMemoryUtilization":0.24753070177161107,"ProcessWorkingSetBytes":114032640,"ProcessThreads":24,"EventsArrivedPerMinute":0,"EventsAcceptedPerMinute":0,"IngestedBytesPerMinute":0,"InvalidPayloadsPerMinute":0,"UnauthorizedPayloadsPerMinute":0,"BroadcastQueueCount":0,"BroadcastSubscriptionQueuesAggregateCount":0}
{"@t":"2020-04-19T21:26:05.8636093Z","@mt":"Applying {Count} retention policies","Count":0,"SourceContext":"Seq.Server.Features.Retention.RetentionPolicyApplier"}
{"@t":"2020-04-19T21:26:05.8666993Z","@mt":"Retention processing and compaction took {Elapsed} ms; allocating {Allocation} ms for indexing","Elapsed":3.6965000000000003,"Allocation":599996.3035}
{"@t":"2020-04-19T21:26:05.8686534Z","@mt":"Beginning indexing","SourceContext":"Seq.Server.Features.Indexing.EventStoreIndexer"}
{"@t":"2020-04-19T21:26:05.8955796Z","@mt":"Wrote {IndexSetCount} index sets in {Elapsed:0.000} ms","@r":["25.000"],"IndexSetCount":0,"Elapsed":25,"SourceContext":"Seq.Server.Features.Indexing.EventStoreIndexer"}
{"@t":"2020-04-19T21:26:05.8968839Z","@mt":"Indexing took {Elapsed} ms; total iteration time was {Iteration} ms","Elapsed":28,"Iteration":31.9206}
{"@t":"2020-04-19T21:26:05.9314527Z","@mt":"Metrics sampled","CacheDays":4.916666666666667,"CacheEvents":44,"SystemMemoryUtilization":0.24816103555396718,"ProcessWorkingSetBytes":114040832,"ProcessThreads":26,"EventsArrivedPerMinute":0,"EventsAcceptedPerMinute":0,"IngestedBytesPerMinute":0,"InvalidPayloadsPerMinute":0,"UnauthorizedPayloadsPerMinute":0,"BroadcastQueueCount":0,"BroadcastSubscriptionQueuesAggregateCount":0}
{"@t":"2020-04-19T21:31:05.9311642Z","@mt":"Metrics sampled","CacheDays":4.916666666666667,"CacheEvents":47,"SystemMemoryUtilization":0.24911144536910856,"ProcessWorkingSetBytes":115134464,"ProcessThreads":26,"EventsArrivedPerMinute":0,"EventsAcceptedPerMinute":0,"IngestedBytesPerMinute":0,"InvalidPayloadsPerMinute":0,"UnauthorizedPayloadsPerMinute":0,"BroadcastQueueCount":0,"BroadcastSubscriptionQueuesAggregateCount":0}
{"@t":"2020-04-19T21:36:05.8631524Z","@mt":"Applying {Count} retention policies","Count":0,"SourceContext":"Seq.Server.Features.Retention.RetentionPolicyApplier"}
{"@t":"2020-04-19T21:36:05.8657486Z","@mt":"Retention processing and compaction took {Elapsed} ms; allocating {Allocation} ms for indexing","Elapsed":3.1197000000000004,"Allocation":599996.88030000008}
{"@t":"2020-04-19T21:36:05.8675052Z","@mt":"Beginning indexing","SourceContext":"Seq.Server.Features.Indexing.EventStoreIndexer"}
{"@t":"2020-04-19T21:36:05.8929791Z","@mt":"Wrote {IndexSetCount} index sets in {Elapsed:0.000} ms","@r":["24.000"],"IndexSetCount":0,"Elapsed":24,"SourceContext":"Seq.Server.Features.Indexing.EventStoreIndexer"}
{"@t":"2020-04-19T21:36:05.8938907Z","@mt":"Indexing took {Elapsed} ms; total iteration time was {Iteration} ms","Elapsed":26,"Iteration":29.4966}
{"@t":"2020-04-19T21:36:05.9314198Z","@mt":"Metrics sampled","CacheDays":4.916666666666667,"CacheEvents":58,"SystemMemoryUtilization":0.24938046632917954,"ProcessWorkingSetBytes":115707904,"ProcessThreads":23,"EventsArrivedPerMinute":0,"EventsAcceptedPerMinute":0,"IngestedBytesPerMinute":0,"InvalidPayloadsPerMinute":0,"UnauthorizedPayloadsPerMinute":0,"BroadcastQueueCount":0,"BroadcastSubscriptionQueuesAggregateCount":0}
{"@t":"2020-04-19T21:41:05.9315941Z","@mt":"Metrics sampled","CacheDays":4.916666666666667,"CacheEvents":58,"SystemMemoryUtilization":0.24901129888032303,"ProcessWorkingSetBytes":115662848,"ProcessThreads":25,"EventsArrivedPerMinute":0,"EventsAcceptedPerMinute":0,"IngestedBytesPerMinute":0,"InvalidPayloadsPerMinute":0,"UnauthorizedPayloadsPerMinute":0,"BroadcastQueueCount":0,"BroadcastSubscriptionQueuesAggregateCount":0}
{"@t":"2020-04-19T21:46:05.8639399Z","@mt":"Applying {Count} retention policies","Count":0,"SourceContext":"Seq.Server.Features.Retention.RetentionPolicyApplier"}
{"@t":"2020-04-19T21:46:05.8656995Z","@mt":"Retention processing and compaction took {Elapsed} ms; allocating {Allocation} ms for indexing","Elapsed":3.0068,"Allocation":599996.9932}
{"@t":"2020-04-19T21:46:05.8673731Z","@mt":"Beginning indexing","SourceContext":"Seq.Server.Features.Indexing.EventStoreIndexer"}
{"@t":"2020-04-19T21:46:05.8892680Z","@mt":"Wrote {IndexSetCount} index sets in {Elapsed:0.000} ms","@r":["20.000"],"IndexSetCount":0,"Elapsed":20,"SourceContext":"Seq.Server.Features.Indexing.EventStoreIndexer"}
{"@t":"2020-04-19T21:46:05.8904502Z","@mt":"Indexing took {Elapsed} ms; total iteration time was {Iteration} ms","Elapsed":23,"Iteration":26.0805}
{"@t":"2020-04-19T21:46:05.9321157Z","@mt":"Metrics sampled","CacheDays":4.916666666666667,"CacheEvents":58,"SystemMemoryUtilization":0.2485086027797524,"ProcessWorkingSetBytes":115679232,"ProcessThreads":23,"EventsArrivedPerMinute":0,"EventsAcceptedPerMinute":0,"IngestedBytesPerMinute":0,"InvalidPayloadsPerMinute":0,"UnauthorizedPayloadsPerMinute":0,"BroadcastQueueCount":0,"BroadcastSubscriptionQueuesAggregateCount":0}
