{"@t":"2020-04-21T10:34:44.4273081Z","@mt":"Seq {SeqVersion} running on OS {OSCaption}","SeqVersion":"5.1.3364","OSCaption":"Linux 4.19.76-linuxkit #1 SMP Thu Oct 17 19:31:58 UTC 2019","SourceContext":"Seq.Server.Features.Diagnostics.EnvironmentInformationWriter"}
{"@t":"2020-04-21T10:34:49.5367851Z","@mt":"Seq listening on {ListenUris}","ListenUris":["http://localhost/","http://localhost:5341/"]}
{"@t":"2020-04-21T10:34:49.8544015Z","@mt":"Opening document store {DocumentsPath}","DocumentsPath":"/data/Documents/documents.lmdb","SourceContext":"Quince.Storage.Lmdb.LmdbDocumentStore"}
{"@t":"2020-04-21T10:34:50.6072671Z","@mt":"Opening event store at {ExtentsPath}","ExtentsPath":"/data/Extents","SourceContext":"Flare.Events.EventStore"}
{"@t":"2020-04-21T10:34:50.6163083Z","@mt":"Available storage engines in order of preference are {Engines}","Engines":["FLARE"],"SourceContext":"Flare.Events.EventStore"}
{"@t":"2020-04-21T10:34:51.3572467Z","@mt":"Storage subsystem available"}
{"@t":"2020-04-21T10:34:52.2152383Z","@mt":"Cache warm-up is required","SourceContext":"Flare.Events.Cache.SegmentCache","OperationId":"3e78d689-0074-491d-b589-2e8b8f9b6d39"}
{"@t":"2020-04-21T10:34:52.9334934Z","@mt":"Initial memory cache warm-up {Outcome} in {Elapsed:0.0} ms","@r":["725.8"],"Outcome":"completed","Elapsed":725.82260000000008,"OperationId":"3e78d689-0074-491d-b589-2e8b8f9b6d39"}
{"@t":"2020-04-21T10:34:52.9682471Z","@mt":"{WarmSegments} segments warmed up ({@Shared})","WarmSegments":168,"Shared":{"Schemata":11,"Strings":181},"SourceContext":"Flare.Events.Cache.SegmentCache"}
{"@t":"2020-04-21T10:35:51.7741238Z","@mt":"{CollectionCount} more generation 2 garbage collection(s) occurred","CollectionCount":2,"SourceContext":"Seq.Server.Features.Diagnostics.GCLogger"}
{"@t":"2020-04-21T10:39:51.7844357Z","@mt":"Metrics sampled","CacheDays":6.458333333333333,"CacheEvents":355,"SystemMemoryUtilization":0.25524001775145611,"ProcessWorkingSetBytes":153006080,"ProcessThreads":26,"EventsArrivedPerMinute":2,"EventsAcceptedPerMinute":2,"IngestedBytesPerMinute":1312,"InvalidPayloadsPerMinute":0,"UnauthorizedPayloadsPerMinute":0,"BroadcastQueueCount":0,"BroadcastSubscriptionQueuesAggregateCount":0}
{"@t":"2020-04-21T10:44:51.7497884Z","@mt":"Metrics sampled","CacheDays":6.458333333333333,"CacheEvents":364,"SystemMemoryUtilization":0.2648501533615838,"ProcessWorkingSetBytes":173248512,"ProcessThreads":33,"EventsArrivedPerMinute":0,"EventsAcceptedPerMinute":0,"IngestedBytesPerMinute":0,"InvalidPayloadsPerMinute":0,"UnauthorizedPayloadsPerMinute":0,"BroadcastQueueCount":0,"BroadcastSubscriptionQueuesAggregateCount":0}
{"@t":"2020-04-21T10:44:51.8308343Z","@mt":"Applying {Count} retention policies","Count":0,"SourceContext":"Seq.Server.Features.Retention.RetentionPolicyApplier"}
{"@t":"2020-04-21T10:44:51.8611009Z","@mt":"Retention processing and compaction took {Elapsed} ms; allocating {Allocation} ms for indexing","Elapsed":38.4593,"Allocation":599961.5407}
{"@t":"2020-04-21T10:44:51.9658313Z","@mt":"Beginning indexing","SourceContext":"Seq.Server.Features.Indexing.EventStoreIndexer"}
{"@t":"2020-04-21T10:44:53.1203236Z","@mt":"Wrote {IndexSetCount} index sets in {Elapsed:0.000} ms","@r":["1146.000"],"IndexSetCount":0,"Elapsed":1146,"SourceContext":"Seq.Server.Features.Indexing.EventStoreIndexer"}
{"@t":"2020-04-21T10:44:53.1230250Z","@mt":"Indexing took {Elapsed} ms; total iteration time was {Iteration} ms","Elapsed":1175,"Iteration":1214.4013}
{"@t":"2020-04-21T10:49:51.7501168Z","@mt":"Metrics sampled","CacheDays":6.458333333333333,"CacheEvents":364,"SystemMemoryUtilization":0.26489335380772661,"ProcessWorkingSetBytes":174350336,"ProcessThreads":31,"EventsArrivedPerMinute":0,"EventsAcceptedPerMinute":0,"IngestedBytesPerMinute":0,"InvalidPayloadsPerMinute":0,"UnauthorizedPayloadsPerMinute":0,"BroadcastQueueCount":0,"BroadcastSubscriptionQueuesAggregateCount":0}
{"@t":"2020-04-21T10:54:51.7491803Z","@mt":"Metrics sampled","CacheDays":6.458333333333333,"CacheEvents":364,"SystemMemoryUtilization":0.26497975470001223,"ProcessWorkingSetBytes":174489600,"ProcessThreads":28,"EventsArrivedPerMinute":0,"EventsAcceptedPerMinute":0,"IngestedBytesPerMinute":0,"InvalidPayloadsPerMinute":0,"UnauthorizedPayloadsPerMinute":0,"BroadcastQueueCount":0,"BroadcastSubscriptionQueuesAggregateCount":0}
{"@t":"2020-04-21T10:54:51.7717022Z","@mt":"Applying {Count} retention policies","Count":0,"SourceContext":"Seq.Server.Features.Retention.RetentionPolicyApplier"}
{"@t":"2020-04-21T10:54:51.7735531Z","@mt":"Retention processing and compaction took {Elapsed} ms; allocating {Allocation} ms for indexing","Elapsed":2.4982,"Allocation":599997.50180000009}
{"@t":"2020-04-21T10:54:51.7760521Z","@mt":"Beginning indexing","SourceContext":"Seq.Server.Features.Indexing.EventStoreIndexer"}
{"@t":"2020-04-21T10:54:51.7999763Z","@mt":"Wrote {IndexSetCount} index sets in {Elapsed:0.000} ms","@r":["12.000"],"IndexSetCount":0,"Elapsed":12,"SourceContext":"Seq.Server.Features.Indexing.EventStoreIndexer"}
{"@t":"2020-04-21T10:54:51.8010816Z","@mt":"Indexing took {Elapsed} ms; total iteration time was {Iteration} ms","Elapsed":25,"Iteration":27.572300000000002}
{"@t":"2020-04-21T10:59:51.7493896Z","@mt":"Metrics sampled","CacheDays":6.458333333333333,"CacheEvents":380,"SystemMemoryUtilization":0.26459487799801273,"ProcessWorkingSetBytes":174710784,"ProcessThreads":24,"EventsArrivedPerMinute":0,"EventsAcceptedPerMinute":0,"IngestedBytesPerMinute":0,"InvalidPayloadsPerMinute":0,"UnauthorizedPayloadsPerMinute":0,"BroadcastQueueCount":0,"BroadcastSubscriptionQueuesAggregateCount":0}
{"@t":"2020-04-21T11:04:51.7483202Z","@mt":"Metrics sampled","CacheDays":6.5,"CacheEvents":380,"SystemMemoryUtilization":0.26481677119865532,"ProcessWorkingSetBytes":174800896,"ProcessThreads":26,"EventsArrivedPerMinute":0,"EventsAcceptedPerMinute":0,"IngestedBytesPerMinute":0,"InvalidPayloadsPerMinute":0,"UnauthorizedPayloadsPerMinute":0,"BroadcastQueueCount":0,"BroadcastSubscriptionQueuesAggregateCount":0}
{"@t":"2020-04-21T11:04:51.7763459Z","@mt":"Applying {Count} retention policies","Count":0,"SourceContext":"Seq.Server.Features.Retention.RetentionPolicyApplier"}
{"@t":"2020-04-21T11:04:51.7779242Z","@mt":"Retention processing and compaction took {Elapsed} ms; allocating {Allocation} ms for indexing","Elapsed":2.1396,"Allocation":599997.8604}
{"@t":"2020-04-21T11:04:51.7790772Z","@mt":"Beginning indexing","SourceContext":"Seq.Server.Features.Indexing.EventStoreIndexer"}
{"@t":"2020-04-21T11:04:51.7990617Z","@mt":"Wrote {IndexSetCount} index sets in {Elapsed:0.000} ms","@r":["16.000"],"IndexSetCount":0,"Elapsed":16,"SourceContext":"Seq.Server.Features.Indexing.EventStoreIndexer"}
{"@t":"2020-04-21T11:04:51.7999236Z","@mt":"Indexing took {Elapsed} ms; total iteration time was {Iteration} ms","Elapsed":20,"Iteration":22.9773}
{"@t":"2020-04-21T11:09:51.7480990Z","@mt":"Metrics sampled","CacheDays":6.5,"CacheEvents":380,"SystemMemoryUtilization":0.2653430311789402,"ProcessWorkingSetBytes":174891008,"ProcessThreads":27,"EventsArrivedPerMinute":0,"EventsAcceptedPerMinute":0,"IngestedBytesPerMinute":0,"InvalidPayloadsPerMinute":0,"UnauthorizedPayloadsPerMinute":0,"BroadcastQueueCount":0,"BroadcastSubscriptionQueuesAggregateCount":0}
{"@t":"2020-04-21T11:14:51.7477317Z","@mt":"Metrics sampled","CacheDays":6.5,"CacheEvents":380,"SystemMemoryUtilization":0.26597140130465347,"ProcessWorkingSetBytes":175022080,"ProcessThreads":29,"EventsArrivedPerMinute":0,"EventsAcceptedPerMinute":0,"IngestedBytesPerMinute":0,"InvalidPayloadsPerMinute":0,"UnauthorizedPayloadsPerMinute":0,"BroadcastQueueCount":0,"BroadcastSubscriptionQueuesAggregateCount":0}
{"@t":"2020-04-21T11:14:51.7765483Z","@mt":"Applying {Count} retention policies","Count":0,"SourceContext":"Seq.Server.Features.Retention.RetentionPolicyApplier"}
{"@t":"2020-04-21T11:14:51.7778838Z","@mt":"Retention processing and compaction took {Elapsed} ms; allocating {Allocation} ms for indexing","Elapsed":1.6166,"Allocation":599998.3834}
{"@t":"2020-04-21T11:14:51.7797332Z","@mt":"Beginning indexing","SourceContext":"Seq.Server.Features.Indexing.EventStoreIndexer"}
{"@t":"2020-04-21T11:14:51.7931277Z","@mt":"Wrote {IndexSetCount} index sets in {Elapsed:0.000} ms","@r":["12.000"],"IndexSetCount":0,"Elapsed":12,"SourceContext":"Seq.Server.Features.Indexing.EventStoreIndexer"}
{"@t":"2020-04-21T11:14:51.7971001Z","@mt":"Indexing took {Elapsed} ms; total iteration time was {Iteration} ms","Elapsed":17,"Iteration":18.9722}
{"@t":"2020-04-21T11:19:51.7472354Z","@mt":"Metrics sampled","CacheDays":6.5,"CacheEvents":380,"SystemMemoryUtilization":0.26542157744465433,"ProcessWorkingSetBytes":175042560,"ProcessThreads":26,"EventsArrivedPerMinute":0,"EventsAcceptedPerMinute":0,"IngestedBytesPerMinute":0,"InvalidPayloadsPerMinute":0,"UnauthorizedPayloadsPerMinute":0,"BroadcastQueueCount":0,"BroadcastSubscriptionQueuesAggregateCount":0}
{"@t":"2020-04-21T11:24:51.7483789Z","@mt":"Metrics sampled","CacheDays":6.5,"CacheEvents":380,"SystemMemoryUtilization":0.26498171835665507,"ProcessWorkingSetBytes":174977024,"ProcessThreads":27,"EventsArrivedPerMinute":0,"EventsAcceptedPerMinute":0,"IngestedBytesPerMinute":0,"InvalidPayloadsPerMinute":0,"UnauthorizedPayloadsPerMinute":0,"BroadcastQueueCount":0,"BroadcastSubscriptionQueuesAggregateCount":0}
{"@t":"2020-04-21T11:24:51.7776094Z","@mt":"Applying {Count} retention policies","Count":0,"SourceContext":"Seq.Server.Features.Retention.RetentionPolicyApplier"}
{"@t":"2020-04-21T11:24:51.7808226Z","@mt":"Retention processing and compaction took {Elapsed} ms; allocating {Allocation} ms for indexing","Elapsed":4.5816,"Allocation":599995.41840000008}
{"@t":"2020-04-21T11:24:51.7824921Z","@mt":"Beginning indexing","SourceContext":"Seq.Server.Features.Indexing.EventStoreIndexer"}
{"@t":"2020-04-21T11:24:51.7966213Z","@mt":"Wrote {IndexSetCount} index sets in {Elapsed:0.000} ms","@r":["12.000"],"IndexSetCount":0,"Elapsed":12,"SourceContext":"Seq.Server.Features.Indexing.EventStoreIndexer"}
{"@t":"2020-04-21T11:24:51.7980130Z","@mt":"Indexing took {Elapsed} ms; total iteration time was {Iteration} ms","Elapsed":15,"Iteration":20.0946}
{"@t":"2020-04-21T11:29:51.7486118Z","@mt":"Metrics sampled","CacheDays":6.5,"CacheEvents":380,"SystemMemoryUtilization":0.26512702894822626,"ProcessWorkingSetBytes":175030272,"ProcessThreads":28,"EventsArrivedPerMinute":0,"EventsAcceptedPerMinute":0,"IngestedBytesPerMinute":0,"InvalidPayloadsPerMinute":0,"UnauthorizedPayloadsPerMinute":0,"BroadcastQueueCount":0,"BroadcastSubscriptionQueuesAggregateCount":0}
{"@t":"2020-04-21T11:34:51.7480734Z","@mt":"Metrics sampled","CacheDays":6.5,"CacheEvents":380,"SystemMemoryUtilization":0.26549423274043993,"ProcessWorkingSetBytes":175017984,"ProcessThreads":27,"EventsArrivedPerMinute":0,"EventsAcceptedPerMinute":0,"IngestedBytesPerMinute":0,"InvalidPayloadsPerMinute":0,"UnauthorizedPayloadsPerMinute":0,"BroadcastQueueCount":0,"BroadcastSubscriptionQueuesAggregateCount":0}
{"@t":"2020-04-21T11:34:51.7765916Z","@mt":"Applying {Count} retention policies","Count":0,"SourceContext":"Seq.Server.Features.Retention.RetentionPolicyApplier"}
{"@t":"2020-04-21T11:34:51.7790181Z","@mt":"Retention processing and compaction took {Elapsed} ms; allocating {Allocation} ms for indexing","Elapsed":3.0789,"Allocation":599996.9211}
{"@t":"2020-04-21T11:34:51.7846448Z","@mt":"Beginning indexing","SourceContext":"Seq.Server.Features.Indexing.EventStoreIndexer"}
{"@t":"2020-04-21T11:34:51.8237551Z","@mt":"Wrote {IndexSetCount} index sets in {Elapsed:0.000} ms","@r":["37.000"],"IndexSetCount":0,"Elapsed":37,"SourceContext":"Seq.Server.Features.Indexing.EventStoreIndexer"}
{"@t":"2020-04-21T11:34:51.8248660Z","@mt":"Indexing took {Elapsed} ms; total iteration time was {Iteration} ms","Elapsed":40,"Iteration":43.292500000000004}
{"@t":"2020-04-21T11:39:51.7474516Z","@mt":"Metrics sampled","CacheDays":6.5,"CacheEvents":380,"SystemMemoryUtilization":0.26509561044194052,"ProcessWorkingSetBytes":175112192,"ProcessThreads":26,"EventsArrivedPerMinute":0,"EventsAcceptedPerMinute":0,"IngestedBytesPerMinute":0,"InvalidPayloadsPerMinute":0,"UnauthorizedPayloadsPerMinute":0,"BroadcastQueueCount":0,"BroadcastSubscriptionQueuesAggregateCount":0}
{"@t":"2020-04-21T11:44:51.7480552Z","@mt":"Metrics sampled","CacheDays":6.5,"CacheEvents":380,"SystemMemoryUtilization":0.26570238034458249,"ProcessWorkingSetBytes":175067136,"ProcessThreads":24,"EventsArrivedPerMinute":0,"EventsAcceptedPerMinute":0,"IngestedBytesPerMinute":0,"InvalidPayloadsPerMinute":0,"UnauthorizedPayloadsPerMinute":0,"BroadcastQueueCount":0,"BroadcastSubscriptionQueuesAggregateCount":0}
{"@t":"2020-04-21T11:44:51.7757353Z","@mt":"Applying {Count} retention policies","Count":0,"SourceContext":"Seq.Server.Features.Retention.RetentionPolicyApplier"}
{"@t":"2020-04-21T11:44:51.7770554Z","@mt":"Retention processing and compaction took {Elapsed} ms; allocating {Allocation} ms for indexing","Elapsed":1.6102,"Allocation":599998.3898}
{"@t":"2020-04-21T11:44:51.7814026Z","@mt":"Beginning indexing","SourceContext":"Seq.Server.Features.Indexing.EventStoreIndexer"}
{"@t":"2020-04-21T11:44:51.8728168Z","@mt":"Wrote {IndexSetCount} index sets in {Elapsed:0.000} ms","@r":["89.000"],"IndexSetCount":0,"Elapsed":89,"SourceContext":"Seq.Server.Features.Indexing.EventStoreIndexer"}
{"@t":"2020-04-21T11:44:51.8738270Z","@mt":"Indexing took {Elapsed} ms; total iteration time was {Iteration} ms","Elapsed":92,"Iteration":94.0309}
{"@t":"2020-04-21T11:49:51.7479748Z","@mt":"Metrics sampled","CacheDays":6.5,"CacheEvents":380,"SystemMemoryUtilization":0.26499350029651214,"ProcessWorkingSetBytes":175112192,"ProcessThreads":26,"EventsArrivedPerMinute":0,"EventsAcceptedPerMinute":0,"IngestedBytesPerMinute":0,"InvalidPayloadsPerMinute":0,"UnauthorizedPayloadsPerMinute":0,"BroadcastQueueCount":0,"BroadcastSubscriptionQueuesAggregateCount":0}
{"@t":"2020-04-21T11:54:51.7491165Z","@mt":"Metrics sampled","CacheDays":6.5,"CacheEvents":380,"SystemMemoryUtilization":0.26485997164479813,"ProcessWorkingSetBytes":175124480,"ProcessThreads":27,"EventsArrivedPerMinute":0,"EventsAcceptedPerMinute":0,"IngestedBytesPerMinute":0,"InvalidPayloadsPerMinute":0,"UnauthorizedPayloadsPerMinute":0,"BroadcastQueueCount":0,"BroadcastSubscriptionQueuesAggregateCount":0}
{"@t":"2020-04-21T11:54:51.7816830Z","@mt":"Applying {Count} retention policies","Count":0,"SourceContext":"Seq.Server.Features.Retention.RetentionPolicyApplier"}
{"@t":"2020-04-21T11:54:51.7836670Z","@mt":"Retention processing and compaction took {Elapsed} ms; allocating {Allocation} ms for indexing","Elapsed":2.6439,"Allocation":599997.3561}
{"@t":"2020-04-21T11:54:51.7857306Z","@mt":"Beginning indexing","SourceContext":"Seq.Server.Features.Indexing.EventStoreIndexer"}
{"@t":"2020-04-21T11:54:51.8185092Z","@mt":"Wrote {IndexSetCount} index sets in {Elapsed:0.000} ms","@r":["31.000"],"IndexSetCount":0,"Elapsed":31,"SourceContext":"Seq.Server.Features.Indexing.EventStoreIndexer"}
{"@t":"2020-04-21T11:54:51.8200113Z","@mt":"Indexing took {Elapsed} ms; total iteration time was {Iteration} ms","Elapsed":34,"Iteration":36.9179}
{"@t":"2020-04-21T11:59:51.7525729Z","@mt":"Metrics sampled","CacheDays":6.5,"CacheEvents":380,"SystemMemoryUtilization":0.26478338903572674,"ProcessWorkingSetBytes":175095808,"ProcessThreads":25,"EventsArrivedPerMinute":0,"EventsAcceptedPerMinute":0,"IngestedBytesPerMinute":0,"InvalidPayloadsPerMinute":0,"UnauthorizedPayloadsPerMinute":0,"BroadcastQueueCount":0,"BroadcastSubscriptionQueuesAggregateCount":0}
{"@t":"2020-04-21T12:04:51.7536747Z","@mt":"Metrics sampled","CacheDays":6.541666666666667,"CacheEvents":380,"SystemMemoryUtilization":0.26458309605815566,"ProcessWorkingSetBytes":175112192,"ProcessThreads":29,"EventsArrivedPerMinute":0,"EventsAcceptedPerMinute":0,"IngestedBytesPerMinute":0,"InvalidPayloadsPerMinute":0,"UnauthorizedPayloadsPerMinute":0,"BroadcastQueueCount":0,"BroadcastSubscriptionQueuesAggregateCount":0}
{"@t":"2020-04-21T12:04:51.7816964Z","@mt":"Applying {Count} retention policies","Count":0,"SourceContext":"Seq.Server.Features.Retention.RetentionPolicyApplier"}
{"@t":"2020-04-21T12:04:51.7833891Z","@mt":"Retention processing and compaction took {Elapsed} ms; allocating {Allocation} ms for indexing","Elapsed":2.3881,"Allocation":599997.6119}
{"@t":"2020-04-21T12:04:51.7866221Z","@mt":"Beginning indexing","SourceContext":"Seq.Server.Features.Indexing.EventStoreIndexer"}
{"@t":"2020-04-21T12:04:51.8093778Z","@mt":"Wrote {IndexSetCount} index sets in {Elapsed:0.000} ms","@r":["19.000"],"IndexSetCount":0,"Elapsed":19,"SourceContext":"Seq.Server.Features.Indexing.EventStoreIndexer"}
{"@t":"2020-04-21T12:04:51.8104555Z","@mt":"Indexing took {Elapsed} ms; total iteration time was {Iteration} ms","Elapsed":23,"Iteration":26.2074}
{"@t":"2020-04-21T12:40:20.7705312Z","@mt":"Metrics sampled","CacheDays":6.541666666666667,"CacheEvents":380,"SystemMemoryUtilization":0.26435531188758454,"ProcessWorkingSetBytes":175075328,"ProcessThreads":23,"EventsArrivedPerMinute":0,"EventsAcceptedPerMinute":0,"IngestedBytesPerMinute":0,"InvalidPayloadsPerMinute":0,"UnauthorizedPayloadsPerMinute":0,"BroadcastQueueCount":0,"BroadcastSubscriptionQueuesAggregateCount":0}
{"@t":"2020-04-21T12:45:20.8008290Z","@mt":"Applying {Count} retention policies","Count":0,"SourceContext":"Seq.Server.Features.Retention.RetentionPolicyApplier"}
{"@t":"2020-04-21T12:45:20.8034080Z","@mt":"Retention processing and compaction took {Elapsed} ms; allocating {Allocation} ms for indexing","Elapsed":4.5158000000000005,"Allocation":599995.48420000006}
{"@t":"2020-04-21T12:45:20.8049676Z","@mt":"Beginning indexing","SourceContext":"Seq.Server.Features.Indexing.EventStoreIndexer"}
{"@t":"2020-04-21T12:45:20.7733853Z","@mt":"Metrics sampled","CacheDays":6.541666666666667,"CacheEvents":380,"SystemMemoryUtilization":0.26418840107294195,"ProcessWorkingSetBytes":175083520,"ProcessThreads":27,"EventsArrivedPerMinute":0,"EventsAcceptedPerMinute":0,"IngestedBytesPerMinute":0,"InvalidPayloadsPerMinute":0,"UnauthorizedPayloadsPerMinute":0,"BroadcastQueueCount":0,"BroadcastSubscriptionQueuesAggregateCount":0}
{"@t":"2020-04-21T12:45:20.8292824Z","@mt":"Wrote {IndexSetCount} index sets in {Elapsed:0.000} ms","@r":["23.000"],"IndexSetCount":0,"Elapsed":23,"SourceContext":"Seq.Server.Features.Indexing.EventStoreIndexer"}
{"@t":"2020-04-21T12:45:20.8308153Z","@mt":"Indexing took {Elapsed} ms; total iteration time was {Iteration} ms","Elapsed":25,"Iteration":30.348300000000002}
{"@t":"2020-04-21T12:50:20.7750549Z","@mt":"Metrics sampled","CacheDays":6.541666666666667,"CacheEvents":380,"SystemMemoryUtilization":0.26443582180994163,"ProcessWorkingSetBytes":175083520,"ProcessThreads":28,"EventsArrivedPerMinute":0,"EventsAcceptedPerMinute":0,"IngestedBytesPerMinute":0,"InvalidPayloadsPerMinute":0,"UnauthorizedPayloadsPerMinute":0,"BroadcastQueueCount":0,"BroadcastSubscriptionQueuesAggregateCount":0}
{"@t":"2020-04-21T12:55:21.6404189Z","@mt":"Applying {Count} retention policies","Count":0,"SourceContext":"Seq.Server.Features.Retention.RetentionPolicyApplier"}
{"@t":"2020-04-21T12:55:21.6458498Z","@mt":"Retention processing and compaction took {Elapsed} ms; allocating {Allocation} ms for indexing","Elapsed":7.3631,"Allocation":599992.6369}
{"@t":"2020-04-21T12:55:21.6487607Z","@mt":"Beginning indexing","SourceContext":"Seq.Server.Features.Indexing.EventStoreIndexer"}
{"@t":"2020-04-21T12:55:21.6823692Z","@mt":"Wrote {IndexSetCount} index sets in {Elapsed:0.000} ms","@r":["30.000"],"IndexSetCount":0,"Elapsed":30,"SourceContext":"Seq.Server.Features.Indexing.EventStoreIndexer"}
{"@t":"2020-04-21T12:55:21.6843152Z","@mt":"Indexing took {Elapsed} ms; total iteration time was {Iteration} ms","Elapsed":35,"Iteration":42.9012}
{"@t":"2020-04-21T12:55:20.7753076Z","@mt":"Metrics sampled","CacheDays":6.541666666666667,"CacheEvents":380,"SystemMemoryUtilization":0.26442600352672729,"ProcessWorkingSetBytes":175071232,"ProcessThreads":23,"EventsArrivedPerMinute":0,"EventsAcceptedPerMinute":0,"IngestedBytesPerMinute":0,"InvalidPayloadsPerMinute":0,"UnauthorizedPayloadsPerMinute":0,"BroadcastQueueCount":0,"BroadcastSubscriptionQueuesAggregateCount":0}
{"@t":"2020-04-21T13:00:20.7789706Z","@mt":"Metrics sampled","CacheDays":6.583333333333333,"CacheEvents":380,"SystemMemoryUtilization":0.26392919839608531,"ProcessWorkingSetBytes":175079424,"ProcessThreads":24,"EventsArrivedPerMinute":0,"EventsAcceptedPerMinute":0,"IngestedBytesPerMinute":0,"InvalidPayloadsPerMinute":0,"UnauthorizedPayloadsPerMinute":0,"BroadcastQueueCount":0,"BroadcastSubscriptionQueuesAggregateCount":0}
{"@t":"2020-04-21T13:05:20.7789674Z","@mt":"Metrics sampled","CacheDays":6.583333333333333,"CacheEvents":380,"SystemMemoryUtilization":0.26405879973451363,"ProcessWorkingSetBytes":175083520,"ProcessThreads":26,"EventsArrivedPerMinute":0,"EventsAcceptedPerMinute":0,"IngestedBytesPerMinute":0,"InvalidPayloadsPerMinute":0,"UnauthorizedPayloadsPerMinute":0,"BroadcastQueueCount":0,"BroadcastSubscriptionQueuesAggregateCount":0}
{"@t":"2020-04-21T13:05:21.6422035Z","@mt":"Applying {Count} retention policies","Count":0,"SourceContext":"Seq.Server.Features.Retention.RetentionPolicyApplier"}
{"@t":"2020-04-21T13:05:21.6461604Z","@mt":"Retention processing and compaction took {Elapsed} ms; allocating {Allocation} ms for indexing","Elapsed":5.3102,"Allocation":599994.6898}
{"@t":"2020-04-21T13:05:21.6484673Z","@mt":"Beginning indexing","SourceContext":"Seq.Server.Features.Indexing.EventStoreIndexer"}
{"@t":"2020-04-21T13:05:21.6916255Z","@mt":"Wrote {IndexSetCount} index sets in {Elapsed:0.000} ms","@r":["41.000"],"IndexSetCount":0,"Elapsed":41,"SourceContext":"Seq.Server.Features.Indexing.EventStoreIndexer"}
{"@t":"2020-04-21T13:05:21.6930057Z","@mt":"Indexing took {Elapsed} ms; total iteration time was {Iteration} ms","Elapsed":44,"Iteration":49.8478}
{"@t":"2020-04-21T13:10:20.7798946Z","@mt":"Metrics sampled","CacheDays":6.583333333333333,"CacheEvents":380,"SystemMemoryUtilization":0.264429930840013,"ProcessWorkingSetBytes":175095808,"ProcessThreads":24,"EventsArrivedPerMinute":0,"EventsAcceptedPerMinute":0,"IngestedBytesPerMinute":0,"InvalidPayloadsPerMinute":0,"UnauthorizedPayloadsPerMinute":0,"BroadcastQueueCount":0,"BroadcastSubscriptionQueuesAggregateCount":0}
{"@t":"2020-04-21T13:15:20.7794855Z","@mt":"Metrics sampled","CacheDays":6.583333333333333,"CacheEvents":380,"SystemMemoryUtilization":0.2640489814512994,"ProcessWorkingSetBytes":175095808,"ProcessThreads":23,"EventsArrivedPerMinute":0,"EventsAcceptedPerMinute":0,"IngestedBytesPerMinute":0,"InvalidPayloadsPerMinute":0,"UnauthorizedPayloadsPerMinute":0,"BroadcastQueueCount":0,"BroadcastSubscriptionQueuesAggregateCount":0}
{"@t":"2020-04-21T13:15:21.6421133Z","@mt":"Applying {Count} retention policies","Count":0,"SourceContext":"Seq.Server.Features.Retention.RetentionPolicyApplier"}
{"@t":"2020-04-21T13:15:21.6433541Z","@mt":"Retention processing and compaction took {Elapsed} ms; allocating {Allocation} ms for indexing","Elapsed":1.7970000000000002,"Allocation":599998.203}
{"@t":"2020-04-21T13:15:21.6444967Z","@mt":"Beginning indexing","SourceContext":"Seq.Server.Features.Indexing.EventStoreIndexer"}
{"@t":"2020-04-21T13:15:21.7419676Z","@mt":"Wrote {IndexSetCount} index sets in {Elapsed:0.000} ms","@r":["96.000"],"IndexSetCount":0,"Elapsed":96,"SourceContext":"Seq.Server.Features.Indexing.EventStoreIndexer"}
{"@t":"2020-04-21T13:15:21.7427858Z","@mt":"Indexing took {Elapsed} ms; total iteration time was {Iteration} ms","Elapsed":98,"Iteration":100.0792}
{"@t":"2020-04-21T13:20:20.7822943Z","@mt":"Metrics sampled","CacheDays":6.583333333333333,"CacheEvents":380,"SystemMemoryUtilization":0.26455560486515572,"ProcessWorkingSetBytes":175099904,"ProcessThreads":25,"EventsArrivedPerMinute":0,"EventsAcceptedPerMinute":0,"IngestedBytesPerMinute":0,"InvalidPayloadsPerMinute":0,"UnauthorizedPayloadsPerMinute":0,"BroadcastQueueCount":0,"BroadcastSubscriptionQueuesAggregateCount":0}
{"@t":"2020-04-21T13:25:20.7807355Z","@mt":"Metrics sampled","CacheDays":6.583333333333333,"CacheEvents":380,"SystemMemoryUtilization":0.26405879973451363,"ProcessWorkingSetBytes":175104000,"ProcessThreads":23,"EventsArrivedPerMinute":0,"EventsAcceptedPerMinute":0,"IngestedBytesPerMinute":0,"InvalidPayloadsPerMinute":0,"UnauthorizedPayloadsPerMinute":0,"BroadcastQueueCount":0,"BroadcastSubscriptionQueuesAggregateCount":0}
{"@t":"2020-04-21T13:25:21.6447079Z","@mt":"Applying {Count} retention policies","Count":0,"SourceContext":"Seq.Server.Features.Retention.RetentionPolicyApplier"}
{"@t":"2020-04-21T13:25:21.6473353Z","@mt":"Retention processing and compaction took {Elapsed} ms; allocating {Allocation} ms for indexing","Elapsed":3.5278,"Allocation":599996.47220000008}
{"@t":"2020-04-21T13:25:21.6495333Z","@mt":"Beginning indexing","SourceContext":"Seq.Server.Features.Indexing.EventStoreIndexer"}
{"@t":"2020-04-21T13:25:21.6885943Z","@mt":"Wrote {IndexSetCount} index sets in {Elapsed:0.000} ms","@r":["36.000"],"IndexSetCount":0,"Elapsed":36,"SourceContext":"Seq.Server.Features.Indexing.EventStoreIndexer"}
{"@t":"2020-04-21T13:25:21.6900085Z","@mt":"Indexing took {Elapsed} ms; total iteration time was {Iteration} ms","Elapsed":40,"Iteration":44.0026}
{"@t":"2020-04-21T13:30:21.5471039Z","@mt":"Metrics sampled","CacheDays":6.583333333333333,"CacheEvents":380,"SystemMemoryUtilization":0.26404701779465645,"ProcessWorkingSetBytes":175108096,"ProcessThreads":23,"EventsArrivedPerMinute":0,"EventsAcceptedPerMinute":0,"IngestedBytesPerMinute":0,"InvalidPayloadsPerMinute":0,"UnauthorizedPayloadsPerMinute":0,"BroadcastQueueCount":0,"BroadcastSubscriptionQueuesAggregateCount":0}
{"@t":"2020-04-21T13:35:22.0557338Z","@mt":"Applying {Count} retention policies","Count":0,"SourceContext":"Seq.Server.Features.Retention.RetentionPolicyApplier"}
{"@t":"2020-04-21T13:35:22.0574078Z","@mt":"Retention processing and compaction took {Elapsed} ms; allocating {Allocation} ms for indexing","Elapsed":2.5174000000000003,"Allocation":599997.4826}
{"@t":"2020-04-21T13:35:22.0588213Z","@mt":"Beginning indexing","SourceContext":"Seq.Server.Features.Indexing.EventStoreIndexer"}
{"@t":"2020-04-21T13:35:22.0839005Z","@mt":"Wrote {IndexSetCount} index sets in {Elapsed:0.000} ms","@r":["22.000"],"IndexSetCount":0,"Elapsed":22,"SourceContext":"Seq.Server.Features.Indexing.EventStoreIndexer"}
{"@t":"2020-04-21T13:35:22.0858708Z","@mt":"Indexing took {Elapsed} ms; total iteration time was {Iteration} ms","Elapsed":27,"Iteration":29.5563}
{"@t":"2020-04-21T13:35:21.5467455Z","@mt":"Metrics sampled","CacheDays":6.583333333333333,"CacheEvents":380,"SystemMemoryUtilization":0.26417661913308488,"ProcessWorkingSetBytes":175095808,"ProcessThreads":23,"EventsArrivedPerMinute":0,"EventsAcceptedPerMinute":0,"IngestedBytesPerMinute":0,"InvalidPayloadsPerMinute":0,"UnauthorizedPayloadsPerMinute":0,"BroadcastQueueCount":0,"BroadcastSubscriptionQueuesAggregateCount":0}
{"@t":"2020-04-21T13:40:21.5470999Z","@mt":"Metrics sampled","CacheDays":6.583333333333333,"CacheEvents":380,"SystemMemoryUtilization":0.26404309048137076,"ProcessWorkingSetBytes":175104000,"ProcessThreads":23,"EventsArrivedPerMinute":0,"EventsAcceptedPerMinute":0,"IngestedBytesPerMinute":0,"InvalidPayloadsPerMinute":0,"UnauthorizedPayloadsPerMinute":0,"BroadcastQueueCount":0,"BroadcastSubscriptionQueuesAggregateCount":0}
{"@t":"2020-04-21T13:45:21.5470548Z","@mt":"Metrics sampled","CacheDays":6.583333333333333,"CacheEvents":380,"SystemMemoryUtilization":0.26417269181979919,"ProcessWorkingSetBytes":175104000,"ProcessThreads":23,"EventsArrivedPerMinute":0,"EventsAcceptedPerMinute":0,"IngestedBytesPerMinute":0,"InvalidPayloadsPerMinute":0,"UnauthorizedPayloadsPerMinute":0,"BroadcastQueueCount":0,"BroadcastSubscriptionQueuesAggregateCount":0}
{"@t":"2020-04-21T13:45:22.0563864Z","@mt":"Applying {Count} retention policies","Count":0,"SourceContext":"Seq.Server.Features.Retention.RetentionPolicyApplier"}
{"@t":"2020-04-21T13:45:22.0579536Z","@mt":"Retention processing and compaction took {Elapsed} ms; allocating {Allocation} ms for indexing","Elapsed":2.0358,"Allocation":599997.9642}
{"@t":"2020-04-21T13:45:22.0592558Z","@mt":"Beginning indexing","SourceContext":"Seq.Server.Features.Indexing.EventStoreIndexer"}
{"@t":"2020-04-21T13:45:22.0826152Z","@mt":"Wrote {IndexSetCount} index sets in {Elapsed:0.000} ms","@r":["21.000"],"IndexSetCount":0,"Elapsed":21,"SourceContext":"Seq.Server.Features.Indexing.EventStoreIndexer"}
{"@t":"2020-04-21T13:45:22.0842305Z","@mt":"Indexing took {Elapsed} ms; total iteration time was {Iteration} ms","Elapsed":24,"Iteration":27.000400000000003}
{"@t":"2020-04-21T13:50:21.5490828Z","@mt":"Metrics sampled","CacheDays":6.583333333333333,"CacheEvents":380,"SystemMemoryUtilization":0.26417269181979919,"ProcessWorkingSetBytes":175104000,"ProcessThreads":24,"EventsArrivedPerMinute":0,"EventsAcceptedPerMinute":0,"IngestedBytesPerMinute":0,"InvalidPayloadsPerMinute":0,"UnauthorizedPayloadsPerMinute":0,"BroadcastQueueCount":0,"BroadcastSubscriptionQueuesAggregateCount":0}
{"@t":"2020-04-21T13:55:22.0560762Z","@mt":"Applying {Count} retention policies","Count":0,"SourceContext":"Seq.Server.Features.Retention.RetentionPolicyApplier"}
{"@t":"2020-04-21T13:55:21.5485076Z","@mt":"Metrics sampled","CacheDays":6.583333333333333,"CacheEvents":380,"SystemMemoryUtilization":0.26392723473944235,"ProcessWorkingSetBytes":175095808,"ProcessThreads":23,"EventsArrivedPerMinute":0,"EventsAcceptedPerMinute":0,"IngestedBytesPerMinute":0,"InvalidPayloadsPerMinute":0,"UnauthorizedPayloadsPerMinute":0,"BroadcastQueueCount":0,"BroadcastSubscriptionQueuesAggregateCount":0}
{"@t":"2020-04-21T13:55:22.0597345Z","@mt":"Retention processing and compaction took {Elapsed} ms; allocating {Allocation} ms for indexing","Elapsed":4.066,"Allocation":599995.934}
{"@t":"2020-04-21T13:55:22.0625671Z","@mt":"Beginning indexing","SourceContext":"Seq.Server.Features.Indexing.EventStoreIndexer"}
{"@t":"2020-04-21T13:55:22.0778959Z","@mt":"Wrote {IndexSetCount} index sets in {Elapsed:0.000} ms","@r":["14.000"],"IndexSetCount":0,"Elapsed":14,"SourceContext":"Seq.Server.Features.Indexing.EventStoreIndexer"}
{"@t":"2020-04-21T13:55:22.0820163Z","@mt":"Indexing took {Elapsed} ms; total iteration time was {Iteration} ms","Elapsed":19,"Iteration":23.5072}
{"@t":"2020-04-21T14:00:21.5499531Z","@mt":"Metrics sampled","CacheDays":6.625,"CacheEvents":380,"SystemMemoryUtilization":0.26404701779465645,"ProcessWorkingSetBytes":175099904,"ProcessThreads":23,"EventsArrivedPerMinute":0,"EventsAcceptedPerMinute":0,"IngestedBytesPerMinute":0,"InvalidPayloadsPerMinute":0,"UnauthorizedPayloadsPerMinute":0,"BroadcastQueueCount":0,"BroadcastSubscriptionQueuesAggregateCount":0}
{"@t":"2020-04-21T14:05:22.0563382Z","@mt":"Applying {Count} retention policies","Count":0,"SourceContext":"Seq.Server.Features.Retention.RetentionPolicyApplier"}
{"@t":"2020-04-21T14:05:22.0573415Z","@mt":"Retention processing and compaction took {Elapsed} ms; allocating {Allocation} ms for indexing","Elapsed":1.3702,"Allocation":599998.6298}
{"@t":"2020-04-21T14:05:22.0580903Z","@mt":"Beginning indexing","SourceContext":"Seq.Server.Features.Indexing.EventStoreIndexer"}
{"@t":"2020-04-21T14:05:21.5487990Z","@mt":"Metrics sampled","CacheDays":6.625,"CacheEvents":380,"SystemMemoryUtilization":0.26404112682472791,"ProcessWorkingSetBytes":175099904,"ProcessThreads":23,"EventsArrivedPerMinute":0,"EventsAcceptedPerMinute":0,"IngestedBytesPerMinute":0,"InvalidPayloadsPerMinute":0,"UnauthorizedPayloadsPerMinute":0,"BroadcastQueueCount":0,"BroadcastSubscriptionQueuesAggregateCount":0}
{"@t":"2020-04-21T14:05:22.0849675Z","@mt":"Wrote {IndexSetCount} index sets in {Elapsed:0.000} ms","@r":["24.000"],"IndexSetCount":0,"Elapsed":24,"SourceContext":"Seq.Server.Features.Indexing.EventStoreIndexer"}
{"@t":"2020-04-21T14:05:22.0860721Z","@mt":"Indexing took {Elapsed} ms; total iteration time was {Iteration} ms","Elapsed":27,"Iteration":29.337200000000003}
{"@t":"2020-04-21T14:10:21.5503153Z","@mt":"Metrics sampled","CacheDays":6.625,"CacheEvents":380,"SystemMemoryUtilization":0.26454775023858423,"ProcessWorkingSetBytes":175104000,"ProcessThreads":26,"EventsArrivedPerMinute":0,"EventsAcceptedPerMinute":0,"IngestedBytesPerMinute":0,"InvalidPayloadsPerMinute":0,"UnauthorizedPayloadsPerMinute":0,"BroadcastQueueCount":0,"BroadcastSubscriptionQueuesAggregateCount":0}
{"@t":"2020-04-21T14:15:21.5509855Z","@mt":"Metrics sampled","CacheDays":6.625,"CacheEvents":380,"SystemMemoryUtilization":0.26405290876458509,"ProcessWorkingSetBytes":175108096,"ProcessThreads":23,"EventsArrivedPerMinute":0,"EventsAcceptedPerMinute":0,"IngestedBytesPerMinute":0,"InvalidPayloadsPerMinute":0,"UnauthorizedPayloadsPerMinute":0,"BroadcastQueueCount":0,"BroadcastSubscriptionQueuesAggregateCount":0}
{"@t":"2020-04-21T14:15:22.0565331Z","@mt":"Applying {Count} retention policies","Count":0,"SourceContext":"Seq.Server.Features.Retention.RetentionPolicyApplier"}
{"@t":"2020-04-21T14:15:22.0577196Z","@mt":"Retention processing and compaction took {Elapsed} ms; allocating {Allocation} ms for indexing","Elapsed":1.4897,"Allocation":599998.51030000008}
{"@t":"2020-04-21T14:15:22.0585997Z","@mt":"Beginning indexing","SourceContext":"Seq.Server.Features.Indexing.EventStoreIndexer"}
{"@t":"2020-04-21T14:15:22.1473312Z","@mt":"Wrote {IndexSetCount} index sets in {Elapsed:0.000} ms","@r":["87.000"],"IndexSetCount":0,"Elapsed":87,"SourceContext":"Seq.Server.Features.Indexing.EventStoreIndexer"}
{"@t":"2020-04-21T14:15:22.1489875Z","@mt":"Indexing took {Elapsed} ms; total iteration time was {Iteration} ms","Elapsed":90,"Iteration":91.8698}
{"@t":"2020-04-21T14:20:21.5517762Z","@mt":"Metrics sampled","CacheDays":6.625,"CacheEvents":380,"SystemMemoryUtilization":0.26392134376951382,"ProcessWorkingSetBytes":175108096,"ProcessThreads":23,"EventsArrivedPerMinute":0,"EventsAcceptedPerMinute":0,"IngestedBytesPerMinute":0,"InvalidPayloadsPerMinute":0,"UnauthorizedPayloadsPerMinute":0,"BroadcastQueueCount":0,"BroadcastSubscriptionQueuesAggregateCount":0}
{"@t":"2020-04-21T14:25:22.5524777Z","@mt":"Applying {Count} retention policies","Count":0,"SourceContext":"Seq.Server.Features.Retention.RetentionPolicyApplier"}
{"@t":"2020-04-21T14:25:22.5540780Z","@mt":"Retention processing and compaction took {Elapsed} ms; allocating {Allocation} ms for indexing","Elapsed":2.1264000000000003,"Allocation":599997.8736}
{"@t":"2020-04-21T14:25:22.5549291Z","@mt":"Beginning indexing","SourceContext":"Seq.Server.Features.Indexing.EventStoreIndexer"}
{"@t":"2020-04-21T14:25:22.5809111Z","@mt":"Wrote {IndexSetCount} index sets in {Elapsed:0.000} ms","@r":["25.000"],"IndexSetCount":0,"Elapsed":25,"SourceContext":"Seq.Server.Features.Indexing.EventStoreIndexer"}
{"@t":"2020-04-21T14:25:22.5852650Z","@mt":"Indexing took {Elapsed} ms; total iteration time was {Iteration} ms","Elapsed":30,"Iteration":32.4191}
{"@t":"2020-04-21T14:25:21.5524783Z","@mt":"Metrics sampled","CacheDays":6.625,"CacheEvents":380,"SystemMemoryUtilization":0.26416287353658485,"ProcessWorkingSetBytes":175108096,"ProcessThreads":23,"EventsArrivedPerMinute":0,"EventsAcceptedPerMinute":0,"IngestedBytesPerMinute":0,"InvalidPayloadsPerMinute":0,"UnauthorizedPayloadsPerMinute":0,"BroadcastQueueCount":0,"BroadcastSubscriptionQueuesAggregateCount":0}
{"@t":"2020-04-21T14:30:21.5529500Z","@mt":"Metrics sampled","CacheDays":6.625,"CacheEvents":380,"SystemMemoryUtilization":0.26467146060708413,"ProcessWorkingSetBytes":175108096,"ProcessThreads":24,"EventsArrivedPerMinute":0,"EventsAcceptedPerMinute":0,"IngestedBytesPerMinute":0,"InvalidPayloadsPerMinute":0,"UnauthorizedPayloadsPerMinute":0,"BroadcastQueueCount":0,"BroadcastSubscriptionQueuesAggregateCount":0}
{"@t":"2020-04-21T14:35:21.5524273Z","@mt":"Metrics sampled","CacheDays":6.625,"CacheEvents":380,"SystemMemoryUtilization":0.26392330742615666,"ProcessWorkingSetBytes":175108096,"ProcessThreads":24,"EventsArrivedPerMinute":0,"EventsAcceptedPerMinute":0,"IngestedBytesPerMinute":0,"InvalidPayloadsPerMinute":0,"UnauthorizedPayloadsPerMinute":0,"BroadcastQueueCount":0,"BroadcastSubscriptionQueuesAggregateCount":0}
{"@t":"2020-04-21T14:35:22.5521455Z","@mt":"Applying {Count} retention policies","Count":0,"SourceContext":"Seq.Server.Features.Retention.RetentionPolicyApplier"}
{"@t":"2020-04-21T14:35:22.5531177Z","@mt":"Retention processing and compaction took {Elapsed} ms; allocating {Allocation} ms for indexing","Elapsed":1.5999,"Allocation":599998.40010000009}
{"@t":"2020-04-21T14:35:22.5539469Z","@mt":"Beginning indexing","SourceContext":"Seq.Server.Features.Indexing.EventStoreIndexer"}
{"@t":"2020-04-21T14:35:22.5716422Z","@mt":"Wrote {IndexSetCount} index sets in {Elapsed:0.000} ms","@r":["16.000"],"IndexSetCount":0,"Elapsed":16,"SourceContext":"Seq.Server.Features.Indexing.EventStoreIndexer"}
{"@t":"2020-04-21T14:35:22.5729807Z","@mt":"Indexing took {Elapsed} ms; total iteration time was {Iteration} ms","Elapsed":19,"Iteration":20.6234}
{"@t":"2020-04-21T14:40:21.5523619Z","@mt":"Metrics sampled","CacheDays":6.625,"CacheEvents":380,"SystemMemoryUtilization":0.26407647264429934,"ProcessWorkingSetBytes":175116288,"ProcessThreads":27,"EventsArrivedPerMinute":0,"EventsAcceptedPerMinute":0,"IngestedBytesPerMinute":0,"InvalidPayloadsPerMinute":0,"UnauthorizedPayloadsPerMinute":0,"BroadcastQueueCount":0,"BroadcastSubscriptionQueuesAggregateCount":0}
{"@t":"2020-04-21T14:45:21.5514300Z","@mt":"Metrics sampled","CacheDays":6.625,"CacheEvents":380,"SystemMemoryUtilization":0.26415894622329916,"ProcessWorkingSetBytes":175112192,"ProcessThreads":24,"EventsArrivedPerMinute":0,"EventsAcceptedPerMinute":0,"IngestedBytesPerMinute":0,"InvalidPayloadsPerMinute":0,"UnauthorizedPayloadsPerMinute":0,"BroadcastQueueCount":0,"BroadcastSubscriptionQueuesAggregateCount":0}
{"@t":"2020-04-21T14:45:22.5526413Z","@mt":"Applying {Count} retention policies","Count":0,"SourceContext":"Seq.Server.Features.Retention.RetentionPolicyApplier"}
{"@t":"2020-04-21T14:45:22.5544001Z","@mt":"Retention processing and compaction took {Elapsed} ms; allocating {Allocation} ms for indexing","Elapsed":2.2414,"Allocation":599997.75860000006}
{"@t":"2020-04-21T14:45:22.5555702Z","@mt":"Beginning indexing","SourceContext":"Seq.Server.Features.Indexing.EventStoreIndexer"}
{"@t":"2020-04-21T14:45:22.5742469Z","@mt":"Wrote {IndexSetCount} index sets in {Elapsed:0.000} ms","@r":["17.000"],"IndexSetCount":0,"Elapsed":17,"SourceContext":"Seq.Server.Features.Indexing.EventStoreIndexer"}
{"@t":"2020-04-21T14:45:22.5754298Z","@mt":"Indexing took {Elapsed} ms; total iteration time was {Iteration} ms","Elapsed":19,"Iteration":22.094900000000003}
{"@t":"2020-04-21T14:50:21.5518127Z","@mt":"Metrics sampled","CacheDays":6.625,"CacheEvents":380,"SystemMemoryUtilization":0.26441225793022738,"ProcessWorkingSetBytes":175112192,"ProcessThreads":23,"EventsArrivedPerMinute":0,"EventsAcceptedPerMinute":0,"IngestedBytesPerMinute":0,"InvalidPayloadsPerMinute":0,"UnauthorizedPayloadsPerMinute":0,"BroadcastQueueCount":0,"BroadcastSubscriptionQueuesAggregateCount":0}
{"@t":"2020-04-21T14:55:21.5515146Z","@mt":"Metrics sampled","CacheDays":6.625,"CacheEvents":380,"SystemMemoryUtilization":0.26417269181979919,"ProcessWorkingSetBytes":175112192,"ProcessThreads":24,"EventsArrivedPerMinute":0,"EventsAcceptedPerMinute":0,"IngestedBytesPerMinute":0,"InvalidPayloadsPerMinute":0,"UnauthorizedPayloadsPerMinute":0,"BroadcastQueueCount":0,"BroadcastSubscriptionQueuesAggregateCount":0}
{"@t":"2020-04-21T14:55:22.5538412Z","@mt":"Applying {Count} retention policies","Count":0,"SourceContext":"Seq.Server.Features.Retention.RetentionPolicyApplier"}
{"@t":"2020-04-21T14:55:22.5565110Z","@mt":"Retention processing and compaction took {Elapsed} ms; allocating {Allocation} ms for indexing","Elapsed":3.9764000000000004,"Allocation":599996.02360000007}
{"@t":"2020-04-21T14:55:22.5599532Z","@mt":"Beginning indexing","SourceContext":"Seq.Server.Features.Indexing.EventStoreIndexer"}
{"@t":"2020-04-21T14:55:22.5928973Z","@mt":"Wrote {IndexSetCount} index sets in {Elapsed:0.000} ms","@r":["25.000"],"IndexSetCount":0,"Elapsed":25,"SourceContext":"Seq.Server.Features.Indexing.EventStoreIndexer"}
{"@t":"2020-04-21T14:55:22.5944234Z","@mt":"Indexing took {Elapsed} ms; total iteration time was {Iteration} ms","Elapsed":34,"Iteration":38.4409}
{"@t":"2020-04-21T15:00:21.5518837Z","@mt":"Metrics sampled","CacheDays":6.666666666666667,"CacheEvents":380,"SystemMemoryUtilization":0.2641648371932277,"ProcessWorkingSetBytes":175112192,"ProcessThreads":23,"EventsArrivedPerMinute":0,"EventsAcceptedPerMinute":0,"IngestedBytesPerMinute":0,"InvalidPayloadsPerMinute":0,"UnauthorizedPayloadsPerMinute":0,"BroadcastQueueCount":0,"BroadcastSubscriptionQueuesAggregateCount":0}
{"@t":"2020-04-21T16:53:39.3907721Z","@mt":"Metrics sampled","CacheDays":6.708333333333333,"CacheEvents":380,"SystemMemoryUtilization":0.26417269181979919,"ProcessWorkingSetBytes":175112192,"ProcessThreads":26,"EventsArrivedPerMinute":0,"EventsAcceptedPerMinute":0,"IngestedBytesPerMinute":0,"InvalidPayloadsPerMinute":0,"UnauthorizedPayloadsPerMinute":0,"BroadcastQueueCount":0,"BroadcastSubscriptionQueuesAggregateCount":0}
{"@t":"2020-04-21T16:53:40.3925619Z","@mt":"Applying {Count} retention policies","Count":0,"SourceContext":"Seq.Server.Features.Retention.RetentionPolicyApplier"}
{"@t":"2020-04-21T16:53:40.3950976Z","@mt":"Retention processing and compaction took {Elapsed} ms; allocating {Allocation} ms for indexing","Elapsed":3.7508000000000004,"Allocation":599996.24920000008}
{"@t":"2020-04-21T16:53:40.3981993Z","@mt":"Beginning indexing","SourceContext":"Seq.Server.Features.Indexing.EventStoreIndexer"}
{"@t":"2020-04-21T16:53:40.4414604Z","@mt":"Wrote {IndexSetCount} index sets in {Elapsed:0.000} ms","@r":["40.000"],"IndexSetCount":0,"Elapsed":40,"SourceContext":"Seq.Server.Features.Indexing.EventStoreIndexer"}
{"@t":"2020-04-21T16:53:40.4430177Z","@mt":"Indexing took {Elapsed} ms; total iteration time was {Iteration} ms","Elapsed":44,"Iteration":48.566}
{"@t":"2020-04-21T16:58:39.3915487Z","@mt":"Metrics sampled","CacheDays":6.708333333333333,"CacheEvents":380,"SystemMemoryUtilization":0.264202146669442,"ProcessWorkingSetBytes":175104000,"ProcessThreads":24,"EventsArrivedPerMinute":0,"EventsAcceptedPerMinute":0,"IngestedBytesPerMinute":0,"InvalidPayloadsPerMinute":0,"UnauthorizedPayloadsPerMinute":0,"BroadcastQueueCount":0,"BroadcastSubscriptionQueuesAggregateCount":0}
{"@t":"2020-04-21T17:03:39.3921929Z","@mt":"Metrics sampled","CacheDays":6.75,"CacheEvents":380,"SystemMemoryUtilization":0.2641687645065135,"ProcessWorkingSetBytes":175099904,"ProcessThreads":26,"EventsArrivedPerMinute":0,"EventsAcceptedPerMinute":0,"IngestedBytesPerMinute":0,"InvalidPayloadsPerMinute":0,"UnauthorizedPayloadsPerMinute":0,"BroadcastQueueCount":0,"BroadcastSubscriptionQueuesAggregateCount":0}
{"@t":"2020-04-21T17:03:40.3929292Z","@mt":"Applying {Count} retention policies","Count":0,"SourceContext":"Seq.Server.Features.Retention.RetentionPolicyApplier"}
{"@t":"2020-04-21T17:03:40.3945330Z","@mt":"Retention processing and compaction took {Elapsed} ms; allocating {Allocation} ms for indexing","Elapsed":2.0805000000000002,"Allocation":599997.91950000008}
{"@t":"2020-04-21T17:03:40.3961387Z","@mt":"Beginning indexing","SourceContext":"Seq.Server.Features.Indexing.EventStoreIndexer"}
{"@t":"2020-04-21T17:03:40.4952161Z","@mt":"Wrote {IndexSetCount} index sets in {Elapsed:0.000} ms","@r":["97.000"],"IndexSetCount":0,"Elapsed":97,"SourceContext":"Seq.Server.Features.Indexing.EventStoreIndexer"}
{"@t":"2020-04-21T17:03:40.4963489Z","@mt":"Indexing took {Elapsed} ms; total iteration time was {Iteration} ms","Elapsed":100,"Iteration":102.283}
{"@t":"2020-04-21T17:08:39.3917033Z","@mt":"Metrics sampled","CacheDays":6.75,"CacheEvents":380,"SystemMemoryUtilization":0.26365428646608569,"ProcessWorkingSetBytes":175112192,"ProcessThreads":23,"EventsArrivedPerMinute":0,"EventsAcceptedPerMinute":0,"IngestedBytesPerMinute":0,"InvalidPayloadsPerMinute":0,"UnauthorizedPayloadsPerMinute":0,"BroadcastQueueCount":0,"BroadcastSubscriptionQueuesAggregateCount":0}
{"@t":"2020-04-21T17:13:39.3910747Z","@mt":"Metrics sampled","CacheDays":6.75,"CacheEvents":380,"SystemMemoryUtilization":0.26389974354644241,"ProcessWorkingSetBytes":175112192,"ProcessThreads":23,"EventsArrivedPerMinute":0,"EventsAcceptedPerMinute":0,"IngestedBytesPerMinute":0,"InvalidPayloadsPerMinute":0,"UnauthorizedPayloadsPerMinute":0,"BroadcastQueueCount":0,"BroadcastSubscriptionQueuesAggregateCount":0}
{"@t":"2020-04-21T17:13:40.3940956Z","@mt":"Applying {Count} retention policies","Count":0,"SourceContext":"Seq.Server.Features.Retention.RetentionPolicyApplier"}
{"@t":"2020-04-21T17:13:40.3974069Z","@mt":"Retention processing and compaction took {Elapsed} ms; allocating {Allocation} ms for indexing","Elapsed":4.1833,"Allocation":599995.81670000008}
{"@t":"2020-04-21T17:13:40.4005946Z","@mt":"Beginning indexing","SourceContext":"Seq.Server.Features.Indexing.EventStoreIndexer"}
{"@t":"2020-04-21T17:13:40.4358648Z","@mt":"Wrote {IndexSetCount} index sets in {Elapsed:0.000} ms","@r":["32.000"],"IndexSetCount":0,"Elapsed":32,"SourceContext":"Seq.Server.Features.Indexing.EventStoreIndexer"}
{"@t":"2020-04-21T17:13:40.4374530Z","@mt":"Indexing took {Elapsed} ms; total iteration time was {Iteration} ms","Elapsed":36,"Iteration":41.0398}
{"@t":"2020-04-21T17:18:39.3916821Z","@mt":"Metrics sampled","CacheDays":6.75,"CacheEvents":380,"SystemMemoryUtilization":0.26424731077222763,"ProcessWorkingSetBytes":175181824,"ProcessThreads":26,"EventsArrivedPerMinute":0,"EventsAcceptedPerMinute":0,"IngestedBytesPerMinute":0,"InvalidPayloadsPerMinute":0,"UnauthorizedPayloadsPerMinute":0,"BroadcastQueueCount":0,"BroadcastSubscriptionQueuesAggregateCount":0}
{"@t":"2020-04-21T17:23:39.3923479Z","@mt":"Metrics sampled","CacheDays":6.75,"CacheEvents":380,"SystemMemoryUtilization":0.26424534711558478,"ProcessWorkingSetBytes":175210496,"ProcessThreads":27,"EventsArrivedPerMinute":0,"EventsAcceptedPerMinute":0,"IngestedBytesPerMinute":0,"InvalidPayloadsPerMinute":0,"UnauthorizedPayloadsPerMinute":0,"BroadcastQueueCount":0,"BroadcastSubscriptionQueuesAggregateCount":0}
{"@t":"2020-04-21T17:23:40.3950032Z","@mt":"Applying {Count} retention policies","Count":0,"SourceContext":"Seq.Server.Features.Retention.RetentionPolicyApplier"}
{"@t":"2020-04-21T17:23:40.4063776Z","@mt":"Retention processing and compaction took {Elapsed} ms; allocating {Allocation} ms for indexing","Elapsed":12.084900000000001,"Allocation":599987.9151}
{"@t":"2020-04-21T17:23:40.4077707Z","@mt":"Beginning indexing","SourceContext":"Seq.Server.Features.Indexing.EventStoreIndexer"}
{"@t":"2020-04-21T17:23:40.4280477Z","@mt":"Wrote {IndexSetCount} index sets in {Elapsed:0.000} ms","@r":["18.000"],"IndexSetCount":0,"Elapsed":18,"SourceContext":"Seq.Server.Features.Indexing.EventStoreIndexer"}
{"@t":"2020-04-21T17:23:40.4290466Z","@mt":"Indexing took {Elapsed} ms; total iteration time was {Iteration} ms","Elapsed":21,"Iteration":33.3525}
{"@t":"2020-04-21T17:28:39.3929641Z","@mt":"Metrics sampled","CacheDays":6.75,"CacheEvents":380,"SystemMemoryUtilization":0.26487764455458374,"ProcessWorkingSetBytes":175218688,"ProcessThreads":30,"EventsArrivedPerMinute":0,"EventsAcceptedPerMinute":0,"IngestedBytesPerMinute":0,"InvalidPayloadsPerMinute":0,"UnauthorizedPayloadsPerMinute":0,"BroadcastQueueCount":0,"BroadcastSubscriptionQueuesAggregateCount":0}
{"@t":"2020-04-21T17:33:39.3934777Z","@mt":"Metrics sampled","CacheDays":6.75,"CacheEvents":380,"SystemMemoryUtilization":0.26422767420579907,"ProcessWorkingSetBytes":175185920,"ProcessThreads":26,"EventsArrivedPerMinute":0,"EventsAcceptedPerMinute":0,"IngestedBytesPerMinute":0,"InvalidPayloadsPerMinute":0,"UnauthorizedPayloadsPerMinute":0,"BroadcastQueueCount":0,"BroadcastSubscriptionQueuesAggregateCount":0}
{"@t":"2020-04-21T17:33:40.3966630Z","@mt":"Applying {Count} retention policies","Count":0,"SourceContext":"Seq.Server.Features.Retention.RetentionPolicyApplier"}
{"@t":"2020-04-21T17:33:40.3987007Z","@mt":"Retention processing and compaction took {Elapsed} ms; allocating {Allocation} ms for indexing","Elapsed":2.8631,"Allocation":599997.1369}
{"@t":"2020-04-21T17:33:40.4004893Z","@mt":"Beginning indexing","SourceContext":"Seq.Server.Features.Indexing.EventStoreIndexer"}
{"@t":"2020-04-21T17:33:40.4361396Z","@mt":"Wrote {IndexSetCount} index sets in {Elapsed:0.000} ms","@r":["33.000"],"IndexSetCount":0,"Elapsed":33,"SourceContext":"Seq.Server.Features.Indexing.EventStoreIndexer"}
{"@t":"2020-04-21T17:33:40.4374734Z","@mt":"Indexing took {Elapsed} ms; total iteration time was {Iteration} ms","Elapsed":37,"Iteration":39.8878}
{"@t":"2020-04-21T17:38:39.3928227Z","@mt":"Metrics sampled","CacheDays":6.75,"CacheEvents":380,"SystemMemoryUtilization":0.26414520062679925,"ProcessWorkingSetBytes":175169536,"ProcessThreads":23,"EventsArrivedPerMinute":0,"EventsAcceptedPerMinute":0,"IngestedBytesPerMinute":0,"InvalidPayloadsPerMinute":0,"UnauthorizedPayloadsPerMinute":0,"BroadcastQueueCount":0,"BroadcastSubscriptionQueuesAggregateCount":0}
{"@t":"2020-04-21T17:43:39.3928112Z","@mt":"Metrics sampled","CacheDays":6.75,"CacheEvents":384,"SystemMemoryUtilization":0.26486389895808382,"ProcessWorkingSetBytes":175398912,"ProcessThreads":26,"EventsArrivedPerMinute":0,"EventsAcceptedPerMinute":0,"IngestedBytesPerMinute":0,"InvalidPayloadsPerMinute":0,"UnauthorizedPayloadsPerMinute":0,"BroadcastQueueCount":0,"BroadcastSubscriptionQueuesAggregateCount":0}
{"@t":"2020-04-21T17:43:40.3984675Z","@mt":"Applying {Count} retention policies","Count":0,"SourceContext":"Seq.Server.Features.Retention.RetentionPolicyApplier"}
{"@t":"2020-04-21T17:43:40.4030113Z","@mt":"Retention processing and compaction took {Elapsed} ms; allocating {Allocation} ms for indexing","Elapsed":6.7771,"Allocation":599993.2229}
{"@t":"2020-04-21T17:43:40.4042943Z","@mt":"Beginning indexing","SourceContext":"Seq.Server.Features.Indexing.EventStoreIndexer"}
{"@t":"2020-04-21T17:43:40.4223112Z","@mt":"Wrote {IndexSetCount} index sets in {Elapsed:0.000} ms","@r":["16.000"],"IndexSetCount":0,"Elapsed":16,"SourceContext":"Seq.Server.Features.Indexing.EventStoreIndexer"}
{"@t":"2020-04-21T17:43:40.4237353Z","@mt":"Indexing took {Elapsed} ms; total iteration time was {Iteration} ms","Elapsed":19,"Iteration":26.119500000000002}
{"@t":"2020-04-21T17:48:39.3940888Z","@mt":"Metrics sampled","CacheDays":6.75,"CacheEvents":384,"SystemMemoryUtilization":0.26472251567979832,"ProcessWorkingSetBytes":175316992,"ProcessThreads":25,"EventsArrivedPerMinute":0,"EventsAcceptedPerMinute":0,"IngestedBytesPerMinute":0,"InvalidPayloadsPerMinute":0,"UnauthorizedPayloadsPerMinute":0,"BroadcastQueueCount":0,"BroadcastSubscriptionQueuesAggregateCount":0}
{"@t":"2020-04-21T17:53:39.3943176Z","@mt":"Metrics sampled","CacheDays":6.75,"CacheEvents":384,"SystemMemoryUtilization":0.26458309605815566,"ProcessWorkingSetBytes":175448064,"ProcessThreads":27,"EventsArrivedPerMinute":0,"EventsAcceptedPerMinute":0,"IngestedBytesPerMinute":0,"InvalidPayloadsPerMinute":0,"UnauthorizedPayloadsPerMinute":0,"BroadcastQueueCount":0,"BroadcastSubscriptionQueuesAggregateCount":0}
{"@t":"2020-04-21T17:53:40.4039649Z","@mt":"Applying {Count} retention policies","Count":0,"SourceContext":"Seq.Server.Features.Retention.RetentionPolicyApplier"}
{"@t":"2020-04-21T17:53:40.4050016Z","@mt":"Retention processing and compaction took {Elapsed} ms; allocating {Allocation} ms for indexing","Elapsed":4.2286,"Allocation":599995.77140000009}
{"@t":"2020-04-21T17:53:40.4065098Z","@mt":"Beginning indexing","SourceContext":"Seq.Server.Features.Indexing.EventStoreIndexer"}
{"@t":"2020-04-21T17:53:40.4223850Z","@mt":"Wrote {IndexSetCount} index sets in {Elapsed:0.000} ms","@r":["14.000"],"IndexSetCount":0,"Elapsed":14,"SourceContext":"Seq.Server.Features.Indexing.EventStoreIndexer"}
{"@t":"2020-04-21T17:53:40.4237735Z","@mt":"Indexing took {Elapsed} ms; total iteration time was {Iteration} ms","Elapsed":17,"Iteration":21.479000000000003}
{"@t":"2020-04-21T17:58:39.3951947Z","@mt":"Metrics sampled","CacheDays":6.75,"CacheEvents":384,"SystemMemoryUtilization":0.2643749484540131,"ProcessWorkingSetBytes":175349760,"ProcessThreads":27,"EventsArrivedPerMinute":0,"EventsAcceptedPerMinute":0,"IngestedBytesPerMinute":0,"InvalidPayloadsPerMinute":0,"UnauthorizedPayloadsPerMinute":0,"BroadcastQueueCount":0,"BroadcastSubscriptionQueuesAggregateCount":0}
{"@t":"2020-04-21T18:03:39.3945406Z","@mt":"Metrics sampled","CacheDays":6.791666666666667,"CacheEvents":384,"SystemMemoryUtilization":0.26452025904558429,"ProcessWorkingSetBytes":175382528,"ProcessThreads":26,"EventsArrivedPerMinute":0,"EventsAcceptedPerMinute":0,"IngestedBytesPerMinute":0,"InvalidPayloadsPerMinute":0,"UnauthorizedPayloadsPerMinute":0,"BroadcastQueueCount":0,"BroadcastSubscriptionQueuesAggregateCount":0}
{"@t":"2020-04-21T18:03:40.4008091Z","@mt":"Applying {Count} retention policies","Count":0,"SourceContext":"Seq.Server.Features.Retention.RetentionPolicyApplier"}
{"@t":"2020-04-21T18:03:40.4037621Z","@mt":"Retention processing and compaction took {Elapsed} ms; allocating {Allocation} ms for indexing","Elapsed":3.9695,"Allocation":599996.0305}
{"@t":"2020-04-21T18:03:40.4155891Z","@mt":"Beginning indexing","SourceContext":"Seq.Server.Features.Indexing.EventStoreIndexer"}
{"@t":"2020-04-21T18:03:40.5612768Z","@mt":"Wrote {IndexSetCount} index sets in {Elapsed:0.000} ms","@r":["140.000"],"IndexSetCount":0,"Elapsed":140,"SourceContext":"Seq.Server.Features.Indexing.EventStoreIndexer"}
{"@t":"2020-04-21T18:03:40.5630977Z","@mt":"Indexing took {Elapsed} ms; total iteration time was {Iteration} ms","Elapsed":147,"Iteration":151.4729}
